Analysis & Synthesis report for MIPS_PROCESSOR
Tue Feb 08 17:03:47 2022
Quartus Prime Version 20.1.1 Build 720 11/11/2020 SJ Lite Edition


---------------------
; Table of Contents ;
---------------------
  1. Legal Notice
  2. Analysis & Synthesis Summary
  3. Analysis & Synthesis Settings
  4. Parallel Compilation
  5. Analysis & Synthesis Source Files Read
  6. Analysis & Synthesis Resource Usage Summary
  7. Analysis & Synthesis Resource Utilization by Entity
  8. Analysis & Synthesis RAM Summary
  9. Analysis & Synthesis IP Cores Summary
 10. Registers Removed During Synthesis
 11. General Register Statistics
 12. Multiplexer Restructuring Statistics (Restructuring Performed)
 13. Source assignments for IP_MEMORY:U4|altsyncram:altsyncram_component|altsyncram_ctq3:auto_generated
 14. Parameter Settings for User Entity Instance: Top-level Entity: |MIPS_PROCESSOR
 15. Parameter Settings for User Entity Instance: PROGRAM_COUNTER:U1
 16. Parameter Settings for User Entity Instance: ADDER:U2
 17. Parameter Settings for User Entity Instance: IP_MEMORY:U4|altsyncram:altsyncram_component
 18. Parameter Settings for User Entity Instance: REGISTERS:U5
 19. Parameter Settings for User Entity Instance: SIGN_EXTEND:U6
 20. Parameter Settings for User Entity Instance: MUX:U7
 21. Parameter Settings for User Entity Instance: ALU:U8
 22. altsyncram Parameter Settings by Entity Instance
 23. Port Connectivity Checks: "ALU:U8"
 24. Port Connectivity Checks: "MUX:U7"
 25. Port Connectivity Checks: "IP_MEMORY:U4"
 26. Post-Synthesis Netlist Statistics for Top Partition
 27. Elapsed Time Per Partition
 28. Analysis & Synthesis Messages



----------------
; Legal Notice ;
----------------
Copyright (C) 2020  Intel Corporation. All rights reserved.
Your use of Intel Corporation's design tools, logic functions 
and other software and tools, and any partner logic 
functions, and any output files from any of the foregoing 
(including device programming or simulation files), and any 
associated documentation or information are expressly subject 
to the terms and conditions of the Intel Program License 
Subscription Agreement, the Intel Quartus Prime License Agreement,
the Intel FPGA IP License Agreement, or other applicable license
agreement, including, without limitation, that your use is for
the sole purpose of programming logic devices manufactured by
Intel and sold by Intel or its authorized distributors.  Please
refer to the applicable agreement for further details, at
https://fpgasoftware.intel.com/eula.



+----------------------------------------------------------------------------------+
; Analysis & Synthesis Summary                                                     ;
+------------------------------------+---------------------------------------------+
; Analysis & Synthesis Status        ; Successful - Tue Feb 08 17:03:47 2022       ;
; Quartus Prime Version              ; 20.1.1 Build 720 11/11/2020 SJ Lite Edition ;
; Revision Name                      ; MIPS_PROCESSOR                              ;
; Top-level Entity Name              ; MIPS_PROCESSOR                              ;
; Family                             ; MAX 10                                      ;
; Total logic elements               ; 2,652                                       ;
;     Total combinational functions  ; 1,668                                       ;
;     Dedicated logic registers      ; 1,054                                       ;
; Total registers                    ; 1054                                        ;
; Total pins                         ; 113                                         ;
; Total virtual pins                 ; 0                                           ;
; Total memory bits                  ; 8,192                                       ;
; Embedded Multiplier 9-bit elements ; 0                                           ;
; Total PLLs                         ; 0                                           ;
; UFM blocks                         ; 0                                           ;
; ADC blocks                         ; 0                                           ;
+------------------------------------+---------------------------------------------+


+------------------------------------------------------------------------------------------------------------+
; Analysis & Synthesis Settings                                                                              ;
+------------------------------------------------------------------+--------------------+--------------------+
; Option                                                           ; Setting            ; Default Value      ;
+------------------------------------------------------------------+--------------------+--------------------+
; Device                                                           ; 10M50DAF484C7G     ;                    ;
; Top-level entity name                                            ; MIPS_PROCESSOR     ; MIPS_PROCESSOR     ;
; Family name                                                      ; MAX 10             ; Cyclone V          ;
; Use smart compilation                                            ; Off                ; Off                ;
; Enable parallel Assembler and Timing Analyzer during compilation ; On                 ; On                 ;
; Enable compact report table                                      ; Off                ; Off                ;
; Restructure Multiplexers                                         ; Auto               ; Auto               ;
; Create Debugging Nodes for IP Cores                              ; Off                ; Off                ;
; Preserve fewer node names                                        ; On                 ; On                 ;
; Intel FPGA IP Evaluation Mode                                    ; Enable             ; Enable             ;
; Verilog Version                                                  ; Verilog_2001       ; Verilog_2001       ;
; VHDL Version                                                     ; VHDL_1993          ; VHDL_1993          ;
; State Machine Processing                                         ; Auto               ; Auto               ;
; Safe State Machine                                               ; Off                ; Off                ;
; Extract Verilog State Machines                                   ; On                 ; On                 ;
; Extract VHDL State Machines                                      ; On                 ; On                 ;
; Ignore Verilog initial constructs                                ; Off                ; Off                ;
; Iteration limit for constant Verilog loops                       ; 5000               ; 5000               ;
; Iteration limit for non-constant Verilog loops                   ; 250                ; 250                ;
; Add Pass-Through Logic to Inferred RAMs                          ; On                 ; On                 ;
; Infer RAMs from Raw Logic                                        ; On                 ; On                 ;
; Parallel Synthesis                                               ; On                 ; On                 ;
; DSP Block Balancing                                              ; Auto               ; Auto               ;
; NOT Gate Push-Back                                               ; On                 ; On                 ;
; Power-Up Don't Care                                              ; On                 ; On                 ;
; Remove Redundant Logic Cells                                     ; Off                ; Off                ;
; Remove Duplicate Registers                                       ; On                 ; On                 ;
; Ignore CARRY Buffers                                             ; Off                ; Off                ;
; Ignore CASCADE Buffers                                           ; Off                ; Off                ;
; Ignore GLOBAL Buffers                                            ; Off                ; Off                ;
; Ignore ROW GLOBAL Buffers                                        ; Off                ; Off                ;
; Ignore LCELL Buffers                                             ; Off                ; Off                ;
; Ignore SOFT Buffers                                              ; On                 ; On                 ;
; Limit AHDL Integers to 32 Bits                                   ; Off                ; Off                ;
; Optimization Technique                                           ; Balanced           ; Balanced           ;
; Carry Chain Length                                               ; 70                 ; 70                 ;
; Auto Carry Chains                                                ; On                 ; On                 ;
; Auto Open-Drain Pins                                             ; On                 ; On                 ;
; Perform WYSIWYG Primitive Resynthesis                            ; Off                ; Off                ;
; Auto ROM Replacement                                             ; On                 ; On                 ;
; Auto RAM Replacement                                             ; On                 ; On                 ;
; Auto DSP Block Replacement                                       ; On                 ; On                 ;
; Auto Shift Register Replacement                                  ; Auto               ; Auto               ;
; Allow Shift Register Merging across Hierarchies                  ; Auto               ; Auto               ;
; Auto Clock Enable Replacement                                    ; On                 ; On                 ;
; Strict RAM Replacement                                           ; Off                ; Off                ;
; Allow Synchronous Control Signals                                ; On                 ; On                 ;
; Force Use of Synchronous Clear Signals                           ; Off                ; Off                ;
; Auto RAM Block Balancing                                         ; On                 ; On                 ;
; Auto RAM to Logic Cell Conversion                                ; Off                ; Off                ;
; Auto Resource Sharing                                            ; Off                ; Off                ;
; Allow Any RAM Size For Recognition                               ; Off                ; Off                ;
; Allow Any ROM Size For Recognition                               ; Off                ; Off                ;
; Allow Any Shift Register Size For Recognition                    ; Off                ; Off                ;
; Use LogicLock Constraints during Resource Balancing              ; On                 ; On                 ;
; Ignore translate_off and synthesis_off directives                ; Off                ; Off                ;
; Timing-Driven Synthesis                                          ; On                 ; On                 ;
; Report Parameter Settings                                        ; On                 ; On                 ;
; Report Source Assignments                                        ; On                 ; On                 ;
; Report Connectivity Checks                                       ; On                 ; On                 ;
; Ignore Maximum Fan-Out Assignments                               ; Off                ; Off                ;
; Synchronization Register Chain Length                            ; 2                  ; 2                  ;
; Power Optimization During Synthesis                              ; Normal compilation ; Normal compilation ;
; HDL message level                                                ; Level2             ; Level2             ;
; Suppress Register Optimization Related Messages                  ; Off                ; Off                ;
; Number of Removed Registers Reported in Synthesis Report         ; 5000               ; 5000               ;
; Number of Swept Nodes Reported in Synthesis Report               ; 5000               ; 5000               ;
; Number of Inverted Registers Reported in Synthesis Report        ; 100                ; 100                ;
; Clock MUX Protection                                             ; On                 ; On                 ;
; Auto Gated Clock Conversion                                      ; Off                ; Off                ;
; Block Design Naming                                              ; Auto               ; Auto               ;
; SDC constraint protection                                        ; Off                ; Off                ;
; Synthesis Effort                                                 ; Auto               ; Auto               ;
; Shift Register Replacement - Allow Asynchronous Clear Signal     ; On                 ; On                 ;
; Pre-Mapping Resynthesis Optimization                             ; Off                ; Off                ;
; Analysis & Synthesis Message Level                               ; Medium             ; Medium             ;
; Disable Register Merging Across Hierarchies                      ; Auto               ; Auto               ;
; Resource Aware Inference For Block RAM                           ; On                 ; On                 ;
+------------------------------------------------------------------+--------------------+--------------------+


+------------------------------------------+
; Parallel Compilation                     ;
+----------------------------+-------------+
; Processors                 ; Number      ;
+----------------------------+-------------+
; Number detected on machine ; 4           ;
; Maximum allowed            ; 2           ;
;                            ;             ;
; Average used               ; 1.00        ;
; Maximum used               ; 2           ;
;                            ;             ;
; Usage by Processor         ; % Time Used ;
;     Processor 1            ; 100.0%      ;
;     Processor 2            ;   0.1%      ;
+----------------------------+-------------+


+-------------------------------------------------------------------------------------------------------------------------------------------------------------------------------------------------------------------------+
; Analysis & Synthesis Source Files Read                                                                                                                                                                                  ;
+----------------------------------+-----------------+----------------------------------------+-----------------------------------------------------------------------------------------------------------------+---------+
; File Name with User-Entered Path ; Used in Netlist ; File Type                              ; File Name with Absolute Path                                                                                    ; Library ;
+----------------------------------+-----------------+----------------------------------------+-----------------------------------------------------------------------------------------------------------------+---------+
; ALU_CONTROLLER.vhd               ; yes             ; User VHDL File                         ; C:/Users/Tyler McCormick/Desktop/ECE 4120/ECE-4210-MIPS-PROCESSOR/Phase_2/MIPS_PROCESSOR/ALU_CONTROLLER.vhd     ;         ;
; MIPS_PROCESSOR.vhd               ; yes             ; User VHDL File                         ; C:/Users/Tyler McCormick/Desktop/ECE 4120/ECE-4210-MIPS-PROCESSOR/Phase_2/MIPS_PROCESSOR/MIPS_PROCESSOR.vhd     ;         ;
; PROGRAM_COUNTER.vhd              ; yes             ; User VHDL File                         ; C:/Users/Tyler McCormick/Desktop/ECE 4120/ECE-4210-MIPS-PROCESSOR/Phase_2/MIPS_PROCESSOR/PROGRAM_COUNTER.vhd    ;         ;
; ADDER.vhd                        ; yes             ; User VHDL File                         ; C:/Users/Tyler McCormick/Desktop/ECE 4120/ECE-4210-MIPS-PROCESSOR/Phase_2/MIPS_PROCESSOR/ADDER.vhd              ;         ;
; IP_MEMORY.vhd                    ; yes             ; User Wizard-Generated File             ; C:/Users/Tyler McCormick/Desktop/ECE 4120/ECE-4210-MIPS-PROCESSOR/Phase_2/MIPS_PROCESSOR/IP_MEMORY.vhd          ;         ;
; ALU.vhd                          ; yes             ; User VHDL File                         ; C:/Users/Tyler McCormick/Desktop/ECE 4120/ECE-4210-MIPS-PROCESSOR/Phase_2/MIPS_PROCESSOR/ALU.vhd                ;         ;
; MUX.vhd                          ; yes             ; User VHDL File                         ; C:/Users/Tyler McCormick/Desktop/ECE 4120/ECE-4210-MIPS-PROCESSOR/Phase_2/MIPS_PROCESSOR/MUX.vhd                ;         ;
; SIGN_EXTEND.vhd                  ; yes             ; User VHDL File                         ; C:/Users/Tyler McCormick/Desktop/ECE 4120/ECE-4210-MIPS-PROCESSOR/Phase_2/MIPS_PROCESSOR/SIGN_EXTEND.vhd        ;         ;
; REGISTERS.vhd                    ; yes             ; User VHDL File                         ; C:/Users/Tyler McCormick/Desktop/ECE 4120/ECE-4210-MIPS-PROCESSOR/Phase_2/MIPS_PROCESSOR/REGISTERS.vhd          ;         ;
; altsyncram.tdf                   ; yes             ; Megafunction                           ; c:/intelfpga_lite/20.1/quartus/libraries/megafunctions/altsyncram.tdf                                           ;         ;
; stratix_ram_block.inc            ; yes             ; Megafunction                           ; c:/intelfpga_lite/20.1/quartus/libraries/megafunctions/stratix_ram_block.inc                                    ;         ;
; lpm_mux.inc                      ; yes             ; Megafunction                           ; c:/intelfpga_lite/20.1/quartus/libraries/megafunctions/lpm_mux.inc                                              ;         ;
; lpm_decode.inc                   ; yes             ; Megafunction                           ; c:/intelfpga_lite/20.1/quartus/libraries/megafunctions/lpm_decode.inc                                           ;         ;
; aglobal201.inc                   ; yes             ; Megafunction                           ; c:/intelfpga_lite/20.1/quartus/libraries/megafunctions/aglobal201.inc                                           ;         ;
; a_rdenreg.inc                    ; yes             ; Megafunction                           ; c:/intelfpga_lite/20.1/quartus/libraries/megafunctions/a_rdenreg.inc                                            ;         ;
; altrom.inc                       ; yes             ; Megafunction                           ; c:/intelfpga_lite/20.1/quartus/libraries/megafunctions/altrom.inc                                               ;         ;
; altram.inc                       ; yes             ; Megafunction                           ; c:/intelfpga_lite/20.1/quartus/libraries/megafunctions/altram.inc                                               ;         ;
; altdpram.inc                     ; yes             ; Megafunction                           ; c:/intelfpga_lite/20.1/quartus/libraries/megafunctions/altdpram.inc                                             ;         ;
; db/altsyncram_ctq3.tdf           ; yes             ; Auto-Generated Megafunction            ; C:/Users/Tyler McCormick/Desktop/ECE 4120/ECE-4210-MIPS-PROCESSOR/Phase_2/MIPS_PROCESSOR/db/altsyncram_ctq3.tdf ;         ;
; assembly.mif                     ; yes             ; Auto-Found Memory Initialization File  ; C:/Users/Tyler McCormick/Desktop/ECE 4120/ECE-4210-MIPS-PROCESSOR/Phase_2/MIPS_PROCESSOR/assembly.mif           ;         ;
+----------------------------------+-----------------+----------------------------------------+-----------------------------------------------------------------------------------------------------------------+---------+


+---------------------------------------------------------+
; Analysis & Synthesis Resource Usage Summary             ;
+---------------------------------------------+-----------+
; Resource                                    ; Usage     ;
+---------------------------------------------+-----------+
; Estimated Total logic elements              ; 2,652     ;
;                                             ;           ;
; Total combinational functions               ; 1668      ;
; Logic element usage by number of LUT inputs ;           ;
;     -- 4 input functions                    ; 1493      ;
;     -- 3 input functions                    ; 132       ;
;     -- <=2 input functions                  ; 43        ;
;                                             ;           ;
; Logic elements by mode                      ;           ;
;     -- normal mode                          ; 1608      ;
;     -- arithmetic mode                      ; 60        ;
;                                             ;           ;
; Total registers                             ; 1054      ;
;     -- Dedicated logic registers            ; 1054      ;
;     -- I/O registers                        ; 0         ;
;                                             ;           ;
; I/O pins                                    ; 113       ;
; Total memory bits                           ; 8192      ;
;                                             ;           ;
; Embedded Multiplier 9-bit elements          ; 0         ;
;                                             ;           ;
; Maximum fan-out node                        ; CLK~input ;
; Maximum fan-out                             ; 1086      ;
; Total fan-out                               ; 10053     ;
; Average fan-out                             ; 3.37      ;
+---------------------------------------------+-----------+


+-------------------------------------------------------------------------------------------------------------------------------------------------------------------------------------------------------------------------------------------------------------------------------------------------------------------------------+
; Analysis & Synthesis Resource Utilization by Entity                                                                                                                                                                                                                                                                           ;
+-------------------------------------------+---------------------+---------------------------+-------------+------------+--------------+---------+-----------+------+--------------+------------+---------------------------------------------------------------------------------------------+-----------------+--------------+
; Compilation Hierarchy Node                ; Combinational ALUTs ; Dedicated Logic Registers ; Memory Bits ; UFM Blocks ; DSP Elements ; DSP 9x9 ; DSP 18x18 ; Pins ; Virtual Pins ; ADC blocks ; Full Hierarchy Name                                                                         ; Entity Name     ; Library Name ;
+-------------------------------------------+---------------------+---------------------------+-------------+------------+--------------+---------+-----------+------+--------------+------------+---------------------------------------------------------------------------------------------+-----------------+--------------+
; |MIPS_PROCESSOR                           ; 1668 (1)            ; 1054 (0)                  ; 8192        ; 0          ; 0            ; 0       ; 0         ; 113  ; 0            ; 0          ; |MIPS_PROCESSOR                                                                             ; MIPS_PROCESSOR  ; work         ;
;    |ALU:U8|                               ; 228 (228)           ; 0 (0)                     ; 0           ; 0          ; 0            ; 0       ; 0         ; 0    ; 0            ; 0          ; |MIPS_PROCESSOR|ALU:U8                                                                      ; ALU             ; work         ;
;    |ALU_CONTROLLER:U9|                    ; 9 (9)               ; 0 (0)                     ; 0           ; 0          ; 0            ; 0       ; 0         ; 0    ; 0            ; 0          ; |MIPS_PROCESSOR|ALU_CONTROLLER:U9                                                           ; ALU_CONTROLLER  ; work         ;
;    |IP_MEMORY:U4|                         ; 0 (0)               ; 0 (0)                     ; 8192        ; 0          ; 0            ; 0       ; 0         ; 0    ; 0            ; 0          ; |MIPS_PROCESSOR|IP_MEMORY:U4                                                                ; IP_MEMORY       ; work         ;
;       |altsyncram:altsyncram_component|   ; 0 (0)               ; 0 (0)                     ; 8192        ; 0          ; 0            ; 0       ; 0         ; 0    ; 0            ; 0          ; |MIPS_PROCESSOR|IP_MEMORY:U4|altsyncram:altsyncram_component                                ; altsyncram      ; work         ;
;          |altsyncram_ctq3:auto_generated| ; 0 (0)               ; 0 (0)                     ; 8192        ; 0          ; 0            ; 0       ; 0         ; 0    ; 0            ; 0          ; |MIPS_PROCESSOR|IP_MEMORY:U4|altsyncram:altsyncram_component|altsyncram_ctq3:auto_generated ; altsyncram_ctq3 ; work         ;
;    |PROGRAM_COUNTER:U1|                   ; 30 (30)             ; 30 (30)                   ; 0           ; 0          ; 0            ; 0       ; 0         ; 0    ; 0            ; 0          ; |MIPS_PROCESSOR|PROGRAM_COUNTER:U1                                                          ; PROGRAM_COUNTER ; work         ;
;    |REGISTERS:U5|                         ; 1400 (1400)         ; 1024 (1024)               ; 0           ; 0          ; 0            ; 0       ; 0         ; 0    ; 0            ; 0          ; |MIPS_PROCESSOR|REGISTERS:U5                                                                ; REGISTERS       ; work         ;
+-------------------------------------------+---------------------+---------------------------+-------------+------------+--------------+---------+-----------+------+--------------+------------+---------------------------------------------------------------------------------------------+-----------------+--------------+
Note: For table entries with two numbers listed, the numbers in parentheses indicate the number of resources of the given type used by the specific entity alone. The numbers listed outside of parentheses indicate the total resources of the given type used by the specific entity and all of its sub-entities in the hierarchy.


+-----------------------------------------------------------------------------------------------------------------------------------------------------------------------------------------------+
; Analysis & Synthesis RAM Summary                                                                                                                                                              ;
+----------------------------------------------------------------------------------------+------+-------------+--------------+--------------+--------------+--------------+------+--------------+
; Name                                                                                   ; Type ; Mode        ; Port A Depth ; Port A Width ; Port B Depth ; Port B Width ; Size ; MIF          ;
+----------------------------------------------------------------------------------------+------+-------------+--------------+--------------+--------------+--------------+------+--------------+
; IP_MEMORY:U4|altsyncram:altsyncram_component|altsyncram_ctq3:auto_generated|ALTSYNCRAM ; AUTO ; Single Port ; 256          ; 32           ; --           ; --           ; 8192 ; Assembly.mif ;
+----------------------------------------------------------------------------------------+------+-------------+--------------+--------------+--------------+--------------+------+--------------+


+----------------------------------------------------------------------------------------------------------------+
; Analysis & Synthesis IP Cores Summary                                                                          ;
+--------+--------------+---------+--------------+--------------+------------------------------+-----------------+
; Vendor ; IP Core Name ; Version ; Release Date ; License Type ; Entity Instance              ; IP Include File ;
+--------+--------------+---------+--------------+--------------+------------------------------+-----------------+
; Altera ; RAM: 1-PORT  ; 20.1    ; N/A          ; N/A          ; |MIPS_PROCESSOR|IP_MEMORY:U4 ; IP_MEMORY.vhd   ;
+--------+--------------+---------+--------------+--------------+------------------------------+-----------------+


+------------------------------------------------------------------------------------+
; Registers Removed During Synthesis                                                 ;
+---------------------------------------+--------------------------------------------+
; Register name                         ; Reason for Removal                         ;
+---------------------------------------+--------------------------------------------+
; PROGRAM_COUNTER:U1|ADDR_OUT[1]        ; Merged with PROGRAM_COUNTER:U1|ADDR_OUT[0] ;
; PROGRAM_COUNTER:U1|ADDR_OUT[0]        ; Stuck at GND due to stuck port data_in     ;
; Total Number of Removed Registers = 2 ;                                            ;
+---------------------------------------+--------------------------------------------+


+------------------------------------------------------+
; General Register Statistics                          ;
+----------------------------------------------+-------+
; Statistic                                    ; Value ;
+----------------------------------------------+-------+
; Total registers                              ; 1054  ;
; Number of registers using Synchronous Clear  ; 0     ;
; Number of registers using Synchronous Load   ; 0     ;
; Number of registers using Asynchronous Clear ; 0     ;
; Number of registers using Asynchronous Load  ; 0     ;
; Number of registers using Clock Enable       ; 1024  ;
; Number of registers using Preset             ; 0     ;
+----------------------------------------------+-------+


+-------------------------------------------------------------------------------------------------------------------------------------------+
; Multiplexer Restructuring Statistics (Restructuring Performed)                                                                            ;
+--------------------+-----------+---------------+----------------------+------------------------+------------+-----------------------------+
; Multiplexer Inputs ; Bus Width ; Baseline Area ; Area if Restructured ; Saving if Restructured ; Registered ; Example Multiplexer Output  ;
+--------------------+-----------+---------------+----------------------+------------------------+------------+-----------------------------+
; 8:1                ; 32 bits   ; 160 LEs       ; 96 LEs               ; 64 LEs                 ; No         ; |MIPS_PROCESSOR|ALU:U8|Mux2 ;
; 3:1                ; 32 bits   ; 64 LEs        ; 32 LEs               ; 32 LEs                 ; No         ; |MIPS_PROCESSOR|ALU:U8|Add0 ;
; 3:1                ; 32 bits   ; 64 LEs        ; 64 LEs               ; 0 LEs                  ; No         ; |MIPS_PROCESSOR|ALU:U8|Add0 ;
+--------------------+-----------+---------------+----------------------+------------------------+------------+-----------------------------+


+----------------------------------------------------------------------------------------------------+
; Source assignments for IP_MEMORY:U4|altsyncram:altsyncram_component|altsyncram_ctq3:auto_generated ;
+---------------------------------+--------------------+------+--------------------------------------+
; Assignment                      ; Value              ; From ; To                                   ;
+---------------------------------+--------------------+------+--------------------------------------+
; OPTIMIZE_POWER_DURING_SYNTHESIS ; NORMAL_COMPILATION ; -    ; -                                    ;
+---------------------------------+--------------------+------+--------------------------------------+


+--------------------------------------------------------------------------------+
; Parameter Settings for User Entity Instance: Top-level Entity: |MIPS_PROCESSOR ;
+----------------+-------+-------------------------------------------------------+
; Parameter Name ; Value ; Type                                                  ;
+----------------+-------+-------------------------------------------------------+
; SIZE           ; 32    ; Signed Integer                                        ;
+----------------+-------+-------------------------------------------------------+
Note: In order to hide this table in the UI and the text report file, please set the "Show Parameter Settings in Synthesis Report" option in "Analysis and Synthesis Settings -> More Settings" to "Off".


+-----------------------------------------------------------------+
; Parameter Settings for User Entity Instance: PROGRAM_COUNTER:U1 ;
+----------------+-------+----------------------------------------+
; Parameter Name ; Value ; Type                                   ;
+----------------+-------+----------------------------------------+
; size           ; 32    ; Signed Integer                         ;
+----------------+-------+----------------------------------------+
Note: In order to hide this table in the UI and the text report file, please set the "Show Parameter Settings in Synthesis Report" option in "Analysis and Synthesis Settings -> More Settings" to "Off".


+-------------------------------------------------------+
; Parameter Settings for User Entity Instance: ADDER:U2 ;
+----------------+-------+------------------------------+
; Parameter Name ; Value ; Type                         ;
+----------------+-------+------------------------------+
; size           ; 32    ; Signed Integer               ;
+----------------+-------+------------------------------+
Note: In order to hide this table in the UI and the text report file, please set the "Show Parameter Settings in Synthesis Report" option in "Analysis and Synthesis Settings -> More Settings" to "Off".


+-------------------------------------------------------------------------------------------+
; Parameter Settings for User Entity Instance: IP_MEMORY:U4|altsyncram:altsyncram_component ;
+------------------------------------+----------------------+-------------------------------+
; Parameter Name                     ; Value                ; Type                          ;
+------------------------------------+----------------------+-------------------------------+
; BYTE_SIZE_BLOCK                    ; 8                    ; Untyped                       ;
; AUTO_CARRY_CHAINS                  ; ON                   ; AUTO_CARRY                    ;
; IGNORE_CARRY_BUFFERS               ; OFF                  ; IGNORE_CARRY                  ;
; AUTO_CASCADE_CHAINS                ; ON                   ; AUTO_CASCADE                  ;
; IGNORE_CASCADE_BUFFERS             ; OFF                  ; IGNORE_CASCADE                ;
; WIDTH_BYTEENA                      ; 1                    ; Untyped                       ;
; OPERATION_MODE                     ; SINGLE_PORT          ; Untyped                       ;
; WIDTH_A                            ; 32                   ; Signed Integer                ;
; WIDTHAD_A                          ; 8                    ; Signed Integer                ;
; NUMWORDS_A                         ; 256                  ; Signed Integer                ;
; OUTDATA_REG_A                      ; CLOCK0               ; Untyped                       ;
; ADDRESS_ACLR_A                     ; NONE                 ; Untyped                       ;
; OUTDATA_ACLR_A                     ; NONE                 ; Untyped                       ;
; WRCONTROL_ACLR_A                   ; NONE                 ; Untyped                       ;
; INDATA_ACLR_A                      ; NONE                 ; Untyped                       ;
; BYTEENA_ACLR_A                     ; NONE                 ; Untyped                       ;
; WIDTH_B                            ; 1                    ; Signed Integer                ;
; WIDTHAD_B                          ; 1                    ; Signed Integer                ;
; NUMWORDS_B                         ; 0                    ; Signed Integer                ;
; INDATA_REG_B                       ; CLOCK1               ; Untyped                       ;
; WRCONTROL_WRADDRESS_REG_B          ; CLOCK1               ; Untyped                       ;
; RDCONTROL_REG_B                    ; CLOCK1               ; Untyped                       ;
; ADDRESS_REG_B                      ; CLOCK1               ; Untyped                       ;
; OUTDATA_REG_B                      ; UNREGISTERED         ; Untyped                       ;
; BYTEENA_REG_B                      ; CLOCK1               ; Untyped                       ;
; INDATA_ACLR_B                      ; NONE                 ; Untyped                       ;
; WRCONTROL_ACLR_B                   ; NONE                 ; Untyped                       ;
; ADDRESS_ACLR_B                     ; NONE                 ; Untyped                       ;
; OUTDATA_ACLR_B                     ; NONE                 ; Untyped                       ;
; RDCONTROL_ACLR_B                   ; NONE                 ; Untyped                       ;
; BYTEENA_ACLR_B                     ; NONE                 ; Untyped                       ;
; WIDTH_BYTEENA_A                    ; 1                    ; Signed Integer                ;
; WIDTH_BYTEENA_B                    ; 1                    ; Signed Integer                ;
; RAM_BLOCK_TYPE                     ; AUTO                 ; Untyped                       ;
; BYTE_SIZE                          ; 8                    ; Signed Integer                ;
; READ_DURING_WRITE_MODE_MIXED_PORTS ; DONT_CARE            ; Untyped                       ;
; READ_DURING_WRITE_MODE_PORT_A      ; NEW_DATA_NO_NBE_READ ; Untyped                       ;
; READ_DURING_WRITE_MODE_PORT_B      ; NEW_DATA_NO_NBE_READ ; Untyped                       ;
; INIT_FILE                          ; Assembly.mif         ; Untyped                       ;
; INIT_FILE_LAYOUT                   ; PORT_A               ; Untyped                       ;
; MAXIMUM_DEPTH                      ; 0                    ; Signed Integer                ;
; CLOCK_ENABLE_INPUT_A               ; BYPASS               ; Untyped                       ;
; CLOCK_ENABLE_INPUT_B               ; NORMAL               ; Untyped                       ;
; CLOCK_ENABLE_OUTPUT_A              ; BYPASS               ; Untyped                       ;
; CLOCK_ENABLE_OUTPUT_B              ; NORMAL               ; Untyped                       ;
; CLOCK_ENABLE_CORE_A                ; USE_INPUT_CLKEN      ; Untyped                       ;
; CLOCK_ENABLE_CORE_B                ; USE_INPUT_CLKEN      ; Untyped                       ;
; ENABLE_ECC                         ; FALSE                ; Untyped                       ;
; ECC_PIPELINE_STAGE_ENABLED         ; FALSE                ; Untyped                       ;
; WIDTH_ECCSTATUS                    ; 3                    ; Signed Integer                ;
; DEVICE_FAMILY                      ; MAX 10               ; Untyped                       ;
; CBXI_PARAMETER                     ; altsyncram_ctq3      ; Untyped                       ;
+------------------------------------+----------------------+-------------------------------+
Note: In order to hide this table in the UI and the text report file, please set the "Show Parameter Settings in Synthesis Report" option in "Analysis and Synthesis Settings -> More Settings" to "Off".


+-----------------------------------------------------------+
; Parameter Settings for User Entity Instance: REGISTERS:U5 ;
+----------------+-------+----------------------------------+
; Parameter Name ; Value ; Type                             ;
+----------------+-------+----------------------------------+
; size           ; 32    ; Signed Integer                   ;
+----------------+-------+----------------------------------+
Note: In order to hide this table in the UI and the text report file, please set the "Show Parameter Settings in Synthesis Report" option in "Analysis and Synthesis Settings -> More Settings" to "Off".


+-------------------------------------------------------------+
; Parameter Settings for User Entity Instance: SIGN_EXTEND:U6 ;
+----------------+-------+------------------------------------+
; Parameter Name ; Value ; Type                               ;
+----------------+-------+------------------------------------+
; size           ; 32    ; Signed Integer                     ;
+----------------+-------+------------------------------------+
Note: In order to hide this table in the UI and the text report file, please set the "Show Parameter Settings in Synthesis Report" option in "Analysis and Synthesis Settings -> More Settings" to "Off".


+-----------------------------------------------------+
; Parameter Settings for User Entity Instance: MUX:U7 ;
+----------------+-------+----------------------------+
; Parameter Name ; Value ; Type                       ;
+----------------+-------+----------------------------+
; size           ; 32    ; Signed Integer             ;
+----------------+-------+----------------------------+
Note: In order to hide this table in the UI and the text report file, please set the "Show Parameter Settings in Synthesis Report" option in "Analysis and Synthesis Settings -> More Settings" to "Off".


+-----------------------------------------------------+
; Parameter Settings for User Entity Instance: ALU:U8 ;
+----------------+-------+----------------------------+
; Parameter Name ; Value ; Type                       ;
+----------------+-------+----------------------------+
; size           ; 32    ; Signed Integer             ;
+----------------+-------+----------------------------+
Note: In order to hide this table in the UI and the text report file, please set the "Show Parameter Settings in Synthesis Report" option in "Analysis and Synthesis Settings -> More Settings" to "Off".


+------------------------------------------------------------------------------------------+
; altsyncram Parameter Settings by Entity Instance                                         ;
+-------------------------------------------+----------------------------------------------+
; Name                                      ; Value                                        ;
+-------------------------------------------+----------------------------------------------+
; Number of entity instances                ; 1                                            ;
; Entity Instance                           ; IP_MEMORY:U4|altsyncram:altsyncram_component ;
;     -- OPERATION_MODE                     ; SINGLE_PORT                                  ;
;     -- WIDTH_A                            ; 32                                           ;
;     -- NUMWORDS_A                         ; 256                                          ;
;     -- OUTDATA_REG_A                      ; CLOCK0                                       ;
;     -- WIDTH_B                            ; 1                                            ;
;     -- NUMWORDS_B                         ; 0                                            ;
;     -- ADDRESS_REG_B                      ; CLOCK1                                       ;
;     -- OUTDATA_REG_B                      ; UNREGISTERED                                 ;
;     -- RAM_BLOCK_TYPE                     ; AUTO                                         ;
;     -- READ_DURING_WRITE_MODE_MIXED_PORTS ; DONT_CARE                                    ;
+-------------------------------------------+----------------------------------------------+


+-------------------------------------------------------------------------------------------------------------------+
; Port Connectivity Checks: "ALU:U8"                                                                                ;
+---------+--------+----------+-------------------------------------------------------------------------------------+
; Port    ; Type   ; Severity ; Details                                                                             ;
+---------+--------+----------+-------------------------------------------------------------------------------------+
; compare ; Output ; Info     ; Connected to dangling logic. Logic that only feeds a dangling port will be removed. ;
+---------+--------+----------+-------------------------------------------------------------------------------------+


+----------------------------------------+
; Port Connectivity Checks: "MUX:U7"     ;
+------+-------+----------+--------------+
; Port ; Type  ; Severity ; Details      ;
+------+-------+----------+--------------+
; sel  ; Input ; Info     ; Stuck at GND ;
+------+-------+----------+--------------+


+------------------------------------------+
; Port Connectivity Checks: "IP_MEMORY:U4" ;
+------+-------+----------+----------------+
; Port ; Type  ; Severity ; Details        ;
+------+-------+----------+----------------+
; data ; Input ; Info     ; Stuck at GND   ;
; wren ; Input ; Info     ; Stuck at GND   ;
+------+-------+----------+----------------+


+-----------------------------------------------------+
; Post-Synthesis Netlist Statistics for Top Partition ;
+-----------------------+-----------------------------+
; Type                  ; Count                       ;
+-----------------------+-----------------------------+
; boundary_port         ; 113                         ;
; cycloneiii_ff         ; 1054                        ;
;     ENA               ; 1024                        ;
;     plain             ; 30                          ;
; cycloneiii_lcell_comb ; 1668                        ;
;     arith             ; 60                          ;
;         2 data inputs ; 27                          ;
;         3 data inputs ; 33                          ;
;     normal            ; 1608                        ;
;         0 data inputs ; 1                           ;
;         1 data inputs ; 10                          ;
;         2 data inputs ; 5                           ;
;         3 data inputs ; 99                          ;
;         4 data inputs ; 1493                        ;
; cycloneiii_ram_block  ; 32                          ;
;                       ;                             ;
; Max LUT depth         ; 12.70                       ;
; Average LUT depth     ; 10.07                       ;
+-----------------------+-----------------------------+


+-------------------------------+
; Elapsed Time Per Partition    ;
+----------------+--------------+
; Partition Name ; Elapsed Time ;
+----------------+--------------+
; Top            ; 00:00:03     ;
+----------------+--------------+


+-------------------------------+
; Analysis & Synthesis Messages ;
+-------------------------------+
Info: *******************************************************************
Info: Running Quartus Prime Analysis & Synthesis
    Info: Version 20.1.1 Build 720 11/11/2020 SJ Lite Edition
    Info: Processing started: Tue Feb 08 17:03:30 2022
Info: Command: quartus_map --read_settings_files=on --write_settings_files=off MIPS_PROCESSOR -c MIPS_PROCESSOR
Warning (18236): Number of processors has not been specified which may cause overloading on shared machines.  Set the global assignment NUM_PARALLEL_PROCESSORS in your QSF to an appropriate value for best performance.
Info (20030): Parallel compilation is enabled and will use 2 of the 2 processors detected
Info (12021): Found 2 design units, including 1 entities, in source file testbench.vhd
    Info (12022): Found design unit 1: TESTBENCH-RTL File: C:/Users/Tyler McCormick/Desktop/ECE 4120/ECE-4210-MIPS-PROCESSOR/Phase_2/MIPS_PROCESSOR/TESTBENCH.vhd Line: 8
    Info (12023): Found entity 1: TESTBENCH File: C:/Users/Tyler McCormick/Desktop/ECE 4120/ECE-4210-MIPS-PROCESSOR/Phase_2/MIPS_PROCESSOR/TESTBENCH.vhd Line: 5
Info (12021): Found 2 design units, including 1 entities, in source file alu_controller.vhd
    Info (12022): Found design unit 1: ALU_CONTROLLER-RTL File: C:/Users/Tyler McCormick/Desktop/ECE 4120/ECE-4210-MIPS-PROCESSOR/Phase_2/MIPS_PROCESSOR/ALU_CONTROLLER.vhd Line: 14
    Info (12023): Found entity 1: ALU_CONTROLLER File: C:/Users/Tyler McCormick/Desktop/ECE 4120/ECE-4210-MIPS-PROCESSOR/Phase_2/MIPS_PROCESSOR/ALU_CONTROLLER.vhd Line: 5
Info (12021): Found 2 design units, including 1 entities, in source file mips_processor.vhd
    Info (12022): Found design unit 1: MIPS_PROCESSOR-RTL File: C:/Users/Tyler McCormick/Desktop/ECE 4120/ECE-4210-MIPS-PROCESSOR/Phase_2/MIPS_PROCESSOR/MIPS_PROCESSOR.vhd Line: 28
    Info (12023): Found entity 1: MIPS_PROCESSOR File: C:/Users/Tyler McCormick/Desktop/ECE 4120/ECE-4210-MIPS-PROCESSOR/Phase_2/MIPS_PROCESSOR/MIPS_PROCESSOR.vhd Line: 11
Info (12021): Found 2 design units, including 1 entities, in source file program_counter.vhd
    Info (12022): Found design unit 1: PROGRAM_COUNTER-RTL File: C:/Users/Tyler McCormick/Desktop/ECE 4120/ECE-4210-MIPS-PROCESSOR/Phase_2/MIPS_PROCESSOR/PROGRAM_COUNTER.vhd Line: 17
    Info (12023): Found entity 1: PROGRAM_COUNTER File: C:/Users/Tyler McCormick/Desktop/ECE 4120/ECE-4210-MIPS-PROCESSOR/Phase_2/MIPS_PROCESSOR/PROGRAM_COUNTER.vhd Line: 6
Info (12021): Found 2 design units, including 1 entities, in source file adder.vhd
    Info (12022): Found design unit 1: ADDER-RTL File: C:/Users/Tyler McCormick/Desktop/ECE 4120/ECE-4210-MIPS-PROCESSOR/Phase_2/MIPS_PROCESSOR/ADDER.vhd Line: 18
    Info (12023): Found entity 1: ADDER File: C:/Users/Tyler McCormick/Desktop/ECE 4120/ECE-4210-MIPS-PROCESSOR/Phase_2/MIPS_PROCESSOR/ADDER.vhd Line: 8
Info (12021): Found 2 design units, including 1 entities, in source file instruction_register.vhd
    Info (12022): Found design unit 1: INSTRUCTION_REGISTER-RTL File: C:/Users/Tyler McCormick/Desktop/ECE 4120/ECE-4210-MIPS-PROCESSOR/Phase_2/MIPS_PROCESSOR/INSTRUCTION_REGISTER.vhd Line: 21
    Info (12023): Found entity 1: INSTRUCTION_REGISTER File: C:/Users/Tyler McCormick/Desktop/ECE 4120/ECE-4210-MIPS-PROCESSOR/Phase_2/MIPS_PROCESSOR/INSTRUCTION_REGISTER.vhd Line: 5
Info (12021): Found 2 design units, including 1 entities, in source file ip_memory.vhd
    Info (12022): Found design unit 1: ip_memory-SYN File: C:/Users/Tyler McCormick/Desktop/ECE 4120/ECE-4210-MIPS-PROCESSOR/Phase_2/MIPS_PROCESSOR/IP_MEMORY.vhd Line: 55
    Info (12023): Found entity 1: IP_MEMORY File: C:/Users/Tyler McCormick/Desktop/ECE 4120/ECE-4210-MIPS-PROCESSOR/Phase_2/MIPS_PROCESSOR/IP_MEMORY.vhd Line: 43
Info (12021): Found 2 design units, including 1 entities, in source file alu.vhd
    Info (12022): Found design unit 1: ALU-BEHAVIOR File: C:/Users/Tyler McCormick/Desktop/ECE 4120/ECE-4210-MIPS-PROCESSOR/Phase_2/MIPS_PROCESSOR/ALU.vhd Line: 16
    Info (12023): Found entity 1: ALU File: C:/Users/Tyler McCormick/Desktop/ECE 4120/ECE-4210-MIPS-PROCESSOR/Phase_2/MIPS_PROCESSOR/ALU.vhd Line: 6
Warning (12090): Entity "MUX" obtained from "MUX.vhd" instead of from Quartus Prime megafunction library File: C:/Users/Tyler McCormick/Desktop/ECE 4120/ECE-4210-MIPS-PROCESSOR/Phase_2/MIPS_PROCESSOR/MUX.vhd Line: 4
Info (12021): Found 2 design units, including 1 entities, in source file mux.vhd
    Info (12022): Found design unit 1: MUX-RTL File: C:/Users/Tyler McCormick/Desktop/ECE 4120/ECE-4210-MIPS-PROCESSOR/Phase_2/MIPS_PROCESSOR/MUX.vhd Line: 18
    Info (12023): Found entity 1: MUX File: C:/Users/Tyler McCormick/Desktop/ECE 4120/ECE-4210-MIPS-PROCESSOR/Phase_2/MIPS_PROCESSOR/MUX.vhd Line: 4
Info (12021): Found 2 design units, including 1 entities, in source file sign_extend.vhd
    Info (12022): Found design unit 1: SIGN_EXTEND-RTL File: C:/Users/Tyler McCormick/Desktop/ECE 4120/ECE-4210-MIPS-PROCESSOR/Phase_2/MIPS_PROCESSOR/SIGN_EXTEND.vhd Line: 14
    Info (12023): Found entity 1: SIGN_EXTEND File: C:/Users/Tyler McCormick/Desktop/ECE 4120/ECE-4210-MIPS-PROCESSOR/Phase_2/MIPS_PROCESSOR/SIGN_EXTEND.vhd Line: 4
Info (12021): Found 2 design units, including 1 entities, in source file registers.vhd
    Info (12022): Found design unit 1: REGISTERS-RTL File: C:/Users/Tyler McCormick/Desktop/ECE 4120/ECE-4210-MIPS-PROCESSOR/Phase_2/MIPS_PROCESSOR/REGISTERS.vhd Line: 18
    Info (12023): Found entity 1: REGISTERS File: C:/Users/Tyler McCormick/Desktop/ECE 4120/ECE-4210-MIPS-PROCESSOR/Phase_2/MIPS_PROCESSOR/REGISTERS.vhd Line: 5
Info (12127): Elaborating entity "MIPS_PROCESSOR" for the top level hierarchy
Warning (10036): Verilog HDL or VHDL warning at MIPS_PROCESSOR.vhd(40): object "ALU_ZERO" assigned a value but never read File: C:/Users/Tyler McCormick/Desktop/ECE 4120/ECE-4210-MIPS-PROCESSOR/Phase_2/MIPS_PROCESSOR/MIPS_PROCESSOR.vhd Line: 40
Info (12128): Elaborating entity "PROGRAM_COUNTER" for hierarchy "PROGRAM_COUNTER:U1" File: C:/Users/Tyler McCormick/Desktop/ECE 4120/ECE-4210-MIPS-PROCESSOR/Phase_2/MIPS_PROCESSOR/MIPS_PROCESSOR.vhd Line: 46
Info (12128): Elaborating entity "ADDER" for hierarchy "ADDER:U2" File: C:/Users/Tyler McCormick/Desktop/ECE 4120/ECE-4210-MIPS-PROCESSOR/Phase_2/MIPS_PROCESSOR/MIPS_PROCESSOR.vhd Line: 47
Info (12128): Elaborating entity "IP_MEMORY" for hierarchy "IP_MEMORY:U4" File: C:/Users/Tyler McCormick/Desktop/ECE 4120/ECE-4210-MIPS-PROCESSOR/Phase_2/MIPS_PROCESSOR/MIPS_PROCESSOR.vhd Line: 48
Info (12128): Elaborating entity "altsyncram" for hierarchy "IP_MEMORY:U4|altsyncram:altsyncram_component" File: C:/Users/Tyler McCormick/Desktop/ECE 4120/ECE-4210-MIPS-PROCESSOR/Phase_2/MIPS_PROCESSOR/IP_MEMORY.vhd Line: 62
Info (12130): Elaborated megafunction instantiation "IP_MEMORY:U4|altsyncram:altsyncram_component" File: C:/Users/Tyler McCormick/Desktop/ECE 4120/ECE-4210-MIPS-PROCESSOR/Phase_2/MIPS_PROCESSOR/IP_MEMORY.vhd Line: 62
Info (12133): Instantiated megafunction "IP_MEMORY:U4|altsyncram:altsyncram_component" with the following parameter: File: C:/Users/Tyler McCormick/Desktop/ECE 4120/ECE-4210-MIPS-PROCESSOR/Phase_2/MIPS_PROCESSOR/IP_MEMORY.vhd Line: 62
    Info (12134): Parameter "address_aclr_a" = "UNUSED"
    Info (12134): Parameter "address_aclr_b" = "NONE"
    Info (12134): Parameter "address_reg_b" = "CLOCK1"
    Info (12134): Parameter "byte_size" = "8"
    Info (12134): Parameter "byteena_aclr_a" = "UNUSED"
    Info (12134): Parameter "byteena_aclr_b" = "NONE"
    Info (12134): Parameter "byteena_reg_b" = "CLOCK1"
    Info (12134): Parameter "clock_enable_core_a" = "USE_INPUT_CLKEN"
    Info (12134): Parameter "clock_enable_core_b" = "USE_INPUT_CLKEN"
    Info (12134): Parameter "clock_enable_input_a" = "BYPASS"
    Info (12134): Parameter "clock_enable_input_b" = "NORMAL"
    Info (12134): Parameter "clock_enable_output_a" = "BYPASS"
    Info (12134): Parameter "clock_enable_output_b" = "NORMAL"
    Info (12134): Parameter "intended_device_family" = "MAX 10"
    Info (12134): Parameter "ecc_pipeline_stage_enabled" = "FALSE"
    Info (12134): Parameter "enable_ecc" = "FALSE"
    Info (12134): Parameter "implement_in_les" = "OFF"
    Info (12134): Parameter "indata_aclr_a" = "UNUSED"
    Info (12134): Parameter "indata_aclr_b" = "NONE"
    Info (12134): Parameter "indata_reg_b" = "CLOCK1"
    Info (12134): Parameter "init_file" = "Assembly.mif"
    Info (12134): Parameter "init_file_layout" = "PORT_A"
    Info (12134): Parameter "maximum_depth" = "0"
    Info (12134): Parameter "numwords_a" = "256"
    Info (12134): Parameter "numwords_b" = "0"
    Info (12134): Parameter "operation_mode" = "SINGLE_PORT"
    Info (12134): Parameter "outdata_aclr_a" = "NONE"
    Info (12134): Parameter "outdata_aclr_b" = "NONE"
    Info (12134): Parameter "outdata_reg_a" = "CLOCK0"
    Info (12134): Parameter "outdata_reg_b" = "UNREGISTERED"
    Info (12134): Parameter "power_up_uninitialized" = "FALSE"
    Info (12134): Parameter "ram_block_type" = "AUTO"
    Info (12134): Parameter "rdcontrol_aclr_b" = "NONE"
    Info (12134): Parameter "rdcontrol_reg_b" = "CLOCK1"
    Info (12134): Parameter "read_during_write_mode_mixed_ports" = "DONT_CARE"
    Info (12134): Parameter "read_during_write_mode_port_a" = "NEW_DATA_NO_NBE_READ"
    Info (12134): Parameter "read_during_write_mode_port_b" = "NEW_DATA_NO_NBE_READ"
    Info (12134): Parameter "stratixiv_m144k_allow_dual_clocks" = "ON"
    Info (12134): Parameter "width_a" = "32"
    Info (12134): Parameter "width_b" = "1"
    Info (12134): Parameter "width_byteena_a" = "1"
    Info (12134): Parameter "width_byteena_b" = "1"
    Info (12134): Parameter "width_eccstatus" = "3"
    Info (12134): Parameter "widthad_a" = "8"
    Info (12134): Parameter "widthad_b" = "1"
    Info (12134): Parameter "wrcontrol_aclr_a" = "UNUSED"
    Info (12134): Parameter "wrcontrol_aclr_b" = "NONE"
    Info (12134): Parameter "wrcontrol_wraddress_reg_b" = "CLOCK1"
    Info (12134): Parameter "lpm_hint" = "ENABLE_RUNTIME_MOD=NO"
    Info (12134): Parameter "lpm_type" = "altsyncram"
Info (12021): Found 1 design units, including 1 entities, in source file db/altsyncram_ctq3.tdf
    Info (12023): Found entity 1: altsyncram_ctq3 File: C:/Users/Tyler McCormick/Desktop/ECE 4120/ECE-4210-MIPS-PROCESSOR/Phase_2/MIPS_PROCESSOR/db/altsyncram_ctq3.tdf Line: 28
Info (12128): Elaborating entity "altsyncram_ctq3" for hierarchy "IP_MEMORY:U4|altsyncram:altsyncram_component|altsyncram_ctq3:auto_generated" File: c:/intelfpga_lite/20.1/quartus/libraries/megafunctions/altsyncram.tdf Line: 792
Info (12128): Elaborating entity "REGISTERS" for hierarchy "REGISTERS:U5" File: C:/Users/Tyler McCormick/Desktop/ECE 4120/ECE-4210-MIPS-PROCESSOR/Phase_2/MIPS_PROCESSOR/MIPS_PROCESSOR.vhd Line: 49
Info (12128): Elaborating entity "SIGN_EXTEND" for hierarchy "SIGN_EXTEND:U6" File: C:/Users/Tyler McCormick/Desktop/ECE 4120/ECE-4210-MIPS-PROCESSOR/Phase_2/MIPS_PROCESSOR/MIPS_PROCESSOR.vhd Line: 50
Info (12128): Elaborating entity "MUX" for hierarchy "MUX:U7" File: C:/Users/Tyler McCormick/Desktop/ECE 4120/ECE-4210-MIPS-PROCESSOR/Phase_2/MIPS_PROCESSOR/MIPS_PROCESSOR.vhd Line: 51
Info (12128): Elaborating entity "ALU" for hierarchy "ALU:U8" File: C:/Users/Tyler McCormick/Desktop/ECE 4120/ECE-4210-MIPS-PROCESSOR/Phase_2/MIPS_PROCESSOR/MIPS_PROCESSOR.vhd Line: 52
Info (12128): Elaborating entity "ALU_CONTROLLER" for hierarchy "ALU_CONTROLLER:U9" File: C:/Users/Tyler McCormick/Desktop/ECE 4120/ECE-4210-MIPS-PROCESSOR/Phase_2/MIPS_PROCESSOR/MIPS_PROCESSOR.vhd Line: 53
Info (276014): Found 1 instances of uninferred RAM logic
    Info (276007): RAM logic "REGISTERS:U5|Registers" is uninferred due to asynchronous read logic File: C:/Users/Tyler McCormick/Desktop/ECE 4120/ECE-4210-MIPS-PROCESSOR/Phase_2/MIPS_PROCESSOR/REGISTERS.vhd Line: 21
Warning (13024): Output pins are stuck at VCC or GND
    Warning (13410): Pin "O_PC_OUTPUT[0]" is stuck at GND File: C:/Users/Tyler McCormick/Desktop/ECE 4120/ECE-4210-MIPS-PROCESSOR/Phase_2/MIPS_PROCESSOR/MIPS_PROCESSOR.vhd Line: 22
    Warning (13410): Pin "O_PC_OUTPUT[1]" is stuck at GND File: C:/Users/Tyler McCormick/Desktop/ECE 4120/ECE-4210-MIPS-PROCESSOR/Phase_2/MIPS_PROCESSOR/MIPS_PROCESSOR.vhd Line: 22
Info (286030): Timing-Driven Synthesis is running
Info (16010): Generating hard_block partition "hard_block:auto_generated_inst"
    Info (16011): Adding 0 node(s), including 0 DDIO, 0 PLL, 0 transceiver and 0 LCELL
Info (21057): Implemented 2829 device resources after synthesis - the final resource count might be different
    Info (21058): Implemented 1 input pins
    Info (21059): Implemented 112 output pins
    Info (21061): Implemented 2684 logic cells
    Info (21064): Implemented 32 RAM segments
Info: Quartus Prime Analysis & Synthesis was successful. 0 errors, 6 warnings
    Info: Peak virtual memory: 4806 megabytes
    Info: Processing ended: Tue Feb 08 17:03:47 2022
    Info: Elapsed time: 00:00:17
    Info: Total CPU time (on all processors): 00:00:32


