Info: Start Nativelink Simulation process

========= EDA Simulation Settings =====================

Sim Mode              :  Gate
Family                :  max10
Quartus root          :  c:/intelfpga_lite/20.1/quartus/bin64/
Quartus sim root      :  c:/intelfpga_lite/20.1/quartus/eda/sim_lib
Simulation Tool       :  modelsim-altera
Simulation Language   :  vhdl
Version               :  93
Simulation Mode       :  GUI
Sim Output File       :  MIPS_PROCESSOR.vho
Sim SDF file          :  MIPS_PROCESSOR__vhdl.sdo
Sim dir               :  simulation\modelsim

=======================================================

Info: Starting NativeLink simulation with ModelSim-Altera software
Sourced NativeLink script c:/intelfpga_lite/20.1/quartus/common/tcl/internal/nativelink/modelsim.tcl
Warning: File MIPS_PROCESSOR_run_msim_gate_vhdl.do already exists - backing up current file as MIPS_PROCESSOR_run_msim_gate_vhdl.do.bak11
Probing transcript
ModelSim-Altera Info: # Reading pref.tcl
ModelSim-Altera Info: # do MIPS_PROCESSOR_run_msim_gate_vhdl.do
ModelSim-Altera Info: # if {[file exists gate_work]} {
ModelSim-Altera Info: # 	vdel -lib gate_work -all
ModelSim-Altera Info: # }
ModelSim-Altera Info: # vlib gate_work
ModelSim-Altera Info: # vmap work gate_work
ModelSim-Altera Info: # Model Technology ModelSim - Intel FPGA Edition vmap 2020.1 Lib Mapping Utility 2020.02 Feb 28 2020
ModelSim-Altera Info: # vmap work gate_work 
ModelSim-Altera Info: # Copying C:/intelFPGA_lite/20.1/modelsim_ase/win32aloem/../modelsim.ini to modelsim.ini
ModelSim-Altera Info: # Modifying modelsim.ini
ModelSim-Altera Info: # 
ModelSim-Altera Info: # vcom -93 -work work {MIPS_PROCESSOR.vho}
ModelSim-Altera Info: # Model Technology ModelSim - Intel FPGA Edition vcom 2020.1 Compiler 2020.02 Feb 28 2020
ModelSim-Altera Info: # Start time: 17:51:17 on Dec 20,2021
ModelSim-Altera Info: # vcom -reportprogress 300 -93 -work work MIPS_PROCESSOR.vho 
ModelSim-Altera Info: # -- Loading package STANDARD
ModelSim-Altera Info: # -- Loading package TEXTIO
ModelSim-Altera Info: # -- Loading package std_logic_1164
ModelSim-Altera Info: # -- Loading package VITAL_Timing
ModelSim-Altera Info: # -- Loading package VITAL_Primitives
ModelSim-Altera Info: # -- Loading package fiftyfivenm_atom_pack
ModelSim-Altera Info: # -- Loading package fiftyfivenm_components
ModelSim-Altera Info: # -- Compiling entity hard_block
ModelSim-Altera Info: # -- Compiling architecture structure of hard_block
ModelSim-Altera Info: # -- Loading package dffeas_pack
ModelSim-Altera Info: # -- Loading package altera_primitives_components
ModelSim-Altera Info: # -- Compiling entity MIPS_PROCESSOR
ModelSim-Altera Info: # -- Compiling architecture structure of MIPS_PROCESSOR
ModelSim-Altera Info: # End time: 17:51:18 on Dec 20,2021, Elapsed time: 0:00:01
ModelSim-Altera Info: # Errors: 0, Warnings: 0
ModelSim-Altera Info: # 
ModelSim-Altera Info: # vcom -93 -work work {C:/Users/Tyler McCormick/Desktop/ECE 4120/ECE-4210-MIPS-PROCESSOR/Phase_1/MIPS_PROCESSOR/TESTBENCH.vhd}
ModelSim-Altera Info: # Model Technology ModelSim - Intel FPGA Edition vcom 2020.1 Compiler 2020.02 Feb 28 2020
ModelSim-Altera Info: # Start time: 17:51:18 on Dec 20,2021
ModelSim-Altera Info: # vcom -reportprogress 300 -93 -work work C:/Users/Tyler McCormick/Desktop/ECE 4120/ECE-4210-MIPS-PROCESSOR/Phase_1/MIPS_PROCESSOR/TESTBENCH.vhd 
ModelSim-Altera Info: # -- Loading package STANDARD
ModelSim-Altera Info: # -- Loading package TEXTIO
ModelSim-Altera Info: # -- Loading package std_logic_1164
ModelSim-Altera Info: # -- Loading package NUMERIC_STD
ModelSim-Altera Info: # -- Compiling entity TESTBENCH
ModelSim-Altera Info: # -- Compiling architecture RTL of TESTBENCH
ModelSim-Altera Warning: # ** Warning: C:/Users/Tyler McCormick/Desktop/ECE 4120/ECE-4210-MIPS-PROCESSOR/Phase_1/MIPS_PROCESSOR/TESTBENCH.vhd(35): (vcom-1207) An abstract literal and an identifier must have a separator between them.
ModelSim-Altera Warning: # ** Warning: C:/Users/Tyler McCormick/Desktop/ECE 4120/ECE-4210-MIPS-PROCESSOR/Phase_1/MIPS_PROCESSOR/TESTBENCH.vhd(36): (vcom-1207) An abstract literal and an identifier must have a separator between them.
ModelSim-Altera Warning: # ** Warning: C:/Users/Tyler McCormick/Desktop/ECE 4120/ECE-4210-MIPS-PROCESSOR/Phase_1/MIPS_PROCESSOR/TESTBENCH.vhd(47): (vcom-1207) An abstract literal and an identifier must have a separator between them.
ModelSim-Altera Info: # End time: 17:51:18 on Dec 20,2021, Elapsed time: 0:00:00
ModelSim-Altera Info: # Errors: 0, Warnings: 3
ModelSim-Altera Info: # 
ModelSim-Altera Info: # vsim -t 1ps -L altera -L altera_lnsim -L fiftyfivenm -L gate_work -L work -voptargs="+acc"  TESTBENCH
ModelSim-Altera Info: # vsim -t 1ps -L altera -L altera_lnsim -L fiftyfivenm -L gate_work -L work -voptargs=""+acc"" TESTBENCH 
ModelSim-Altera Info: # Start time: 17:51:18 on Dec 20,2021
ModelSim-Altera Info: # Loading std.standard
ModelSim-Altera Info: # Loading std.textio(body)
ModelSim-Altera Info: # Loading ieee.std_logic_1164(body)
ModelSim-Altera Info: # Loading ieee.numeric_std(body)
ModelSim-Altera Info: # Loading work.testbench(rtl)
ModelSim-Altera Info: # Loading ieee.vital_timing(body)
ModelSim-Altera Info: # Loading ieee.vital_primitives(body)
ModelSim-Altera Info: # Loading altera.dffeas_pack
ModelSim-Altera Info: # Loading altera.altera_primitives_components
ModelSim-Altera Info: # Loading fiftyfivenm.fiftyfivenm_atom_pack(body)
ModelSim-Altera Info: # Loading fiftyfivenm.fiftyfivenm_components
ModelSim-Altera Info: # Loading work.mips_processor(structure)
ModelSim-Altera Warning: # ** Warning: (vsim-8713) Suspect default binding for component instance 'UUT'.
ModelSim-Altera Info: # Entity has no generics at all; the component has generic:
ModelSim-Altera Info: #           SIZE
ModelSim-Altera Info: #    Time: 0 ps  Iteration: 0  Instance: /testbench/UUT File: C:/Users/Tyler McCormick/Desktop/ECE 4120/ECE-4210-MIPS-PROCESSOR/Phase_1/MIPS_PROCESSOR/TESTBENCH.vhd Line: 31
ModelSim-Altera Info: # Loading work.hard_block(structure)
ModelSim-Altera Info: # Loading fiftyfivenm.fiftyfivenm_io_obuf(behavior)
ModelSim-Altera Info: # Loading fiftyfivenm.fiftyfivenm_io_ibuf(behavior)
ModelSim-Altera Info: # Loading fiftyfivenm.fiftyfivenm_clkctrl(vital_clkctrl)
ModelSim-Altera Info: # Loading fiftyfivenm.fiftyfivenm_ena_reg(behave)
ModelSim-Altera Info: # Loading fiftyfivenm.fiftyfivenm_lcell_comb(vital_lcell_comb)
ModelSim-Altera Info: # Loading altera.dffeas(vital_dffeas)
ModelSim-Altera Info: # Loading fiftyfivenm.fiftyfivenm_ram_block(block_arch)
ModelSim-Altera Info: # Loading fiftyfivenm.fiftyfivenm_ram_register(reg_arch)
ModelSim-Altera Info: # Loading fiftyfivenm.fiftyfivenm_ram_pulse_generator(pgen_arch)
ModelSim-Altera Info: # Loading fiftyfivenm.fiftyfivenm_unvm(behavior)
ModelSim-Altera Info: # Loading fiftyfivenm.fiftyfivenm_adcblock(behavior)
ModelSim-Altera Warning: # ** Warning: Design size of 25380 statements exceeds ModelSim-Intel FPGA Starter Edition recommended capacity.
ModelSim-Altera Info: # Expect performance to be adversely affected.
ModelSim-Altera Info: # 
ModelSim-Altera Info: # add wave *
ModelSim-Altera Info: # view structure
ModelSim-Altera Info: # .main_pane.structure.interior.cs.body.struct
ModelSim-Altera Info: # view signals
ModelSim-Altera Info: # .main_pane.objects.interior.cs.body.tree
ModelSim-Altera Info: # run -all
ModelSim-Altera Info: # End time: 17:52:13 on Dec 20,2021, Elapsed time: 0:00:55
ModelSim-Altera Info: # Errors: 0, Warnings: 2
Info: NativeLink simulation flow was successful
