MIF/HEX Update report for MIPS_PROCESSOR
Fri Jan 21 20:27:29 2022
Quartus Prime Version 20.1.1 Build 720 11/11/2020 SJ Lite Edition


---------------------
; Table of Contents ;
---------------------
  1. Legal Notice
  2. MIF/HEX Update Summary
  3. MIF/HEX Update Processed Files
  4. MIF/HEX Update Messages



----------------
; Legal Notice ;
----------------
Copyright (C) 2020  Intel Corporation. All rights reserved.
Your use of Intel Corporation's design tools, logic functions 
and other software and tools, and any partner logic 
functions, and any output files from any of the foregoing 
(including device programming or simulation files), and any 
associated documentation or information are expressly subject 
to the terms and conditions of the Intel Program License 
Subscription Agreement, the Intel Quartus Prime License Agreement,
the Intel FPGA IP License Agreement, or other applicable license
agreement, including, without limitation, that your use is for
the sole purpose of programming logic devices manufactured by
Intel and sold by Intel or its authorized distributors.  Please
refer to the applicable agreement for further details, at
https://fpgasoftware.intel.com/eula.



+---------------------------------------------------------------+
; MIF/HEX Update Summary                                        ;
+-----------------------+---------------------------------------+
; MIF/HEX Update Status ; Successful - Fri Jan 21 20:27:29 2022 ;
; Revision Name         ; MIPS_PROCESSOR                        ;
; Top-level Entity Name ; MIPS_PROCESSOR                        ;
; Family                ; MAX 10                                ;
; Device                ; 10M50DAF484C7G                        ;
+-----------------------+---------------------------------------+


+--------------------------------------------------------------------------------------------------------------------+
; MIF/HEX Update Processed Files                                                                                     ;
+--------------------------------------------------------------------------------------------------------------------+
; File Name                                                                                                          ;
+--------------------------------------------------------------------------------------------------------------------+
; C:/Users/Tyler McCormick/Desktop/ECE 4120/ECE-4210-MIPS-PROCESSOR/Phase_3/Single Cycle/MIPS_PROCESSOR/Assembly.mif ;
+--------------------------------------------------------------------------------------------------------------------+


+-------------------------+
; MIF/HEX Update Messages ;
+-------------------------+
Info: *******************************************************************
Info: Running Quartus Prime MIF/HEX Update
    Info: Version 20.1.1 Build 720 11/11/2020 SJ Lite Edition
    Info: Processing started: Fri Jan 21 20:27:28 2022
Info: Command: quartus_cdb MIPS_PROCESSOR -c MIPS_PROCESSOR --update_mif
Warning (18236): Number of processors has not been specified which may cause overloading on shared machines.  Set the global assignment NUM_PARALLEL_PROCESSORS in your QSF to an appropriate value for best performance.
Warning (113031): 4 out of 256 addresses are reinitialized. The latest initialized data will replace the existing data. There are 4 warnings found, and 4 warnings are reported. File: C:/Users/Tyler McCormick/Desktop/ECE 4120/ECE-4210-MIPS-PROCESSOR/Phase_3/Single Cycle/MIPS_PROCESSOR/Assembly.mif Line: 1
    Warning (113030): Memory Initialization File address 0 is reinitialized File: C:/Users/Tyler McCormick/Desktop/ECE 4120/ECE-4210-MIPS-PROCESSOR/Phase_3/Single Cycle/MIPS_PROCESSOR/ Line: 10
    Warning (113030): Memory Initialization File address 4 is reinitialized File: C:/Users/Tyler McCormick/Desktop/ECE 4120/ECE-4210-MIPS-PROCESSOR/Phase_3/Single Cycle/MIPS_PROCESSOR/ Line: 11
    Warning (113030): Memory Initialization File address 8 is reinitialized File: C:/Users/Tyler McCormick/Desktop/ECE 4120/ECE-4210-MIPS-PROCESSOR/Phase_3/Single Cycle/MIPS_PROCESSOR/ Line: 12
    Warning (113030): Memory Initialization File address 12 is reinitialized File: C:/Users/Tyler McCormick/Desktop/ECE 4120/ECE-4210-MIPS-PROCESSOR/Phase_3/Single Cycle/MIPS_PROCESSOR/ Line: 13
Info (39024): Processed the following Memory Initialization File(s)
    Info (39025): Processed Memory Initialization File C:/Users/Tyler McCormick/Desktop/ECE 4120/ECE-4210-MIPS-PROCESSOR/Phase_3/Single Cycle/MIPS_PROCESSOR/Assembly.mif File: C:/Users/Tyler McCormick/Desktop/ECE 4120/ECE-4210-MIPS-PROCESSOR/Phase_3/Single Cycle/MIPS_PROCESSOR/Assembly.mif Line: 0
Info: Quartus Prime MIF/HEX Update was successful. 0 errors, 6 warnings
    Info: Peak virtual memory: 4732 megabytes
    Info: Processing ended: Fri Jan 21 20:27:29 2022
    Info: Elapsed time: 00:00:01
    Info: Total CPU time (on all processors): 00:00:01


