Analysis & Synthesis report for MIPS_PROCESSOR
Thu Feb 10 16:34:43 2022
Quartus Prime Version 20.1.1 Build 720 11/11/2020 SJ Lite Edition


---------------------
; Table of Contents ;
---------------------
  1. Legal Notice
  2. Analysis & Synthesis Summary
  3. Analysis & Synthesis Settings
  4. Parallel Compilation
  5. Analysis & Synthesis Source Files Read
  6. Analysis & Synthesis Resource Usage Summary
  7. Analysis & Synthesis Resource Utilization by Entity
  8. Analysis & Synthesis RAM Summary
  9. Analysis & Synthesis IP Cores Summary
 10. Registers Removed During Synthesis
 11. Removed Registers Triggering Further Register Optimizations
 12. General Register Statistics
 13. Source assignments for IP_MEMORY:U3|altsyncram:altsyncram_component|altsyncram_1cr3:auto_generated
 14. Parameter Settings for User Entity Instance: Top-level Entity: |MIPS_PROCESSOR
 15. Parameter Settings for User Entity Instance: PROGRAM_COUNTER:U1
 16. Parameter Settings for User Entity Instance: ADDER:U2
 17. Parameter Settings for User Entity Instance: IP_MEMORY:U3|altsyncram:altsyncram_component
 18. altsyncram Parameter Settings by Entity Instance
 19. Port Connectivity Checks: "IP_MEMORY:U3"
 20. Post-Synthesis Netlist Statistics for Top Partition
 21. Elapsed Time Per Partition
 22. Analysis & Synthesis Messages



----------------
; Legal Notice ;
----------------
Copyright (C) 2020  Intel Corporation. All rights reserved.
Your use of Intel Corporation's design tools, logic functions 
and other software and tools, and any partner logic 
functions, and any output files from any of the foregoing 
(including device programming or simulation files), and any 
associated documentation or information are expressly subject 
to the terms and conditions of the Intel Program License 
Subscription Agreement, the Intel Quartus Prime License Agreement,
the Intel FPGA IP License Agreement, or other applicable license
agreement, including, without limitation, that your use is for
the sole purpose of programming logic devices manufactured by
Intel and sold by Intel or its authorized distributors.  Please
refer to the applicable agreement for further details, at
https://fpgasoftware.intel.com/eula.



+----------------------------------------------------------------------------------+
; Analysis & Synthesis Summary                                                     ;
+------------------------------------+---------------------------------------------+
; Analysis & Synthesis Status        ; Successful - Thu Feb 10 16:34:43 2022       ;
; Quartus Prime Version              ; 20.1.1 Build 720 11/11/2020 SJ Lite Edition ;
; Revision Name                      ; MIPS_PROCESSOR                              ;
; Top-level Entity Name              ; MIPS_PROCESSOR                              ;
; Family                             ; MAX 10                                      ;
; Total logic elements               ; 7                                           ;
;     Total combinational functions  ; 7                                           ;
;     Dedicated logic registers      ; 6                                           ;
; Total registers                    ; 6                                           ;
; Total pins                         ; 53                                          ;
; Total virtual pins                 ; 0                                           ;
; Total memory bits                  ; 8,192                                       ;
; Embedded Multiplier 9-bit elements ; 0                                           ;
; Total PLLs                         ; 0                                           ;
; UFM blocks                         ; 0                                           ;
; ADC blocks                         ; 0                                           ;
+------------------------------------+---------------------------------------------+


+------------------------------------------------------------------------------------------------------------+
; Analysis & Synthesis Settings                                                                              ;
+------------------------------------------------------------------+--------------------+--------------------+
; Option                                                           ; Setting            ; Default Value      ;
+------------------------------------------------------------------+--------------------+--------------------+
; Device                                                           ; 10M50DAF484C7G     ;                    ;
; Top-level entity name                                            ; MIPS_PROCESSOR     ; MIPS_PROCESSOR     ;
; Family name                                                      ; MAX 10             ; Cyclone V          ;
; Optimization Technique                                           ; Speed              ; Balanced           ;
; Use smart compilation                                            ; Off                ; Off                ;
; Enable parallel Assembler and Timing Analyzer during compilation ; On                 ; On                 ;
; Enable compact report table                                      ; Off                ; Off                ;
; Restructure Multiplexers                                         ; Auto               ; Auto               ;
; Create Debugging Nodes for IP Cores                              ; Off                ; Off                ;
; Preserve fewer node names                                        ; On                 ; On                 ;
; Intel FPGA IP Evaluation Mode                                    ; Enable             ; Enable             ;
; Verilog Version                                                  ; Verilog_2001       ; Verilog_2001       ;
; VHDL Version                                                     ; VHDL_1993          ; VHDL_1993          ;
; State Machine Processing                                         ; Auto               ; Auto               ;
; Safe State Machine                                               ; Off                ; Off                ;
; Extract Verilog State Machines                                   ; On                 ; On                 ;
; Extract VHDL State Machines                                      ; On                 ; On                 ;
; Ignore Verilog initial constructs                                ; Off                ; Off                ;
; Iteration limit for constant Verilog loops                       ; 5000               ; 5000               ;
; Iteration limit for non-constant Verilog loops                   ; 250                ; 250                ;
; Add Pass-Through Logic to Inferred RAMs                          ; On                 ; On                 ;
; Infer RAMs from Raw Logic                                        ; On                 ; On                 ;
; Parallel Synthesis                                               ; On                 ; On                 ;
; DSP Block Balancing                                              ; Auto               ; Auto               ;
; NOT Gate Push-Back                                               ; On                 ; On                 ;
; Power-Up Don't Care                                              ; On                 ; On                 ;
; Remove Redundant Logic Cells                                     ; Off                ; Off                ;
; Remove Duplicate Registers                                       ; On                 ; On                 ;
; Ignore CARRY Buffers                                             ; Off                ; Off                ;
; Ignore CASCADE Buffers                                           ; Off                ; Off                ;
; Ignore GLOBAL Buffers                                            ; Off                ; Off                ;
; Ignore ROW GLOBAL Buffers                                        ; Off                ; Off                ;
; Ignore LCELL Buffers                                             ; Off                ; Off                ;
; Ignore SOFT Buffers                                              ; On                 ; On                 ;
; Limit AHDL Integers to 32 Bits                                   ; Off                ; Off                ;
; Carry Chain Length                                               ; 70                 ; 70                 ;
; Auto Carry Chains                                                ; On                 ; On                 ;
; Auto Open-Drain Pins                                             ; On                 ; On                 ;
; Perform WYSIWYG Primitive Resynthesis                            ; Off                ; Off                ;
; Auto ROM Replacement                                             ; On                 ; On                 ;
; Auto RAM Replacement                                             ; On                 ; On                 ;
; Auto DSP Block Replacement                                       ; On                 ; On                 ;
; Auto Shift Register Replacement                                  ; Auto               ; Auto               ;
; Allow Shift Register Merging across Hierarchies                  ; Auto               ; Auto               ;
; Auto Clock Enable Replacement                                    ; On                 ; On                 ;
; Strict RAM Replacement                                           ; Off                ; Off                ;
; Allow Synchronous Control Signals                                ; On                 ; On                 ;
; Force Use of Synchronous Clear Signals                           ; Off                ; Off                ;
; Auto RAM Block Balancing                                         ; On                 ; On                 ;
; Auto RAM to Logic Cell Conversion                                ; Off                ; Off                ;
; Auto Resource Sharing                                            ; Off                ; Off                ;
; Allow Any RAM Size For Recognition                               ; Off                ; Off                ;
; Allow Any ROM Size For Recognition                               ; Off                ; Off                ;
; Allow Any Shift Register Size For Recognition                    ; Off                ; Off                ;
; Use LogicLock Constraints during Resource Balancing              ; On                 ; On                 ;
; Ignore translate_off and synthesis_off directives                ; Off                ; Off                ;
; Timing-Driven Synthesis                                          ; On                 ; On                 ;
; Report Parameter Settings                                        ; On                 ; On                 ;
; Report Source Assignments                                        ; On                 ; On                 ;
; Report Connectivity Checks                                       ; On                 ; On                 ;
; Ignore Maximum Fan-Out Assignments                               ; Off                ; Off                ;
; Synchronization Register Chain Length                            ; 2                  ; 2                  ;
; Power Optimization During Synthesis                              ; Normal compilation ; Normal compilation ;
; HDL message level                                                ; Level2             ; Level2             ;
; Suppress Register Optimization Related Messages                  ; Off                ; Off                ;
; Number of Removed Registers Reported in Synthesis Report         ; 5000               ; 5000               ;
; Number of Swept Nodes Reported in Synthesis Report               ; 5000               ; 5000               ;
; Number of Inverted Registers Reported in Synthesis Report        ; 100                ; 100                ;
; Clock MUX Protection                                             ; On                 ; On                 ;
; Auto Gated Clock Conversion                                      ; Off                ; Off                ;
; Block Design Naming                                              ; Auto               ; Auto               ;
; SDC constraint protection                                        ; Off                ; Off                ;
; Synthesis Effort                                                 ; Auto               ; Auto               ;
; Shift Register Replacement - Allow Asynchronous Clear Signal     ; On                 ; On                 ;
; Pre-Mapping Resynthesis Optimization                             ; Off                ; Off                ;
; Analysis & Synthesis Message Level                               ; Medium             ; Medium             ;
; Disable Register Merging Across Hierarchies                      ; Auto               ; Auto               ;
; Resource Aware Inference For Block RAM                           ; On                 ; On                 ;
+------------------------------------------------------------------+--------------------+--------------------+


+------------------------------------------+
; Parallel Compilation                     ;
+----------------------------+-------------+
; Processors                 ; Number      ;
+----------------------------+-------------+
; Number detected on machine ; 4           ;
; Maximum allowed            ; 2           ;
;                            ;             ;
; Average used               ; 1.00        ;
; Maximum used               ; 2           ;
;                            ;             ;
; Usage by Processor         ; % Time Used ;
;     Processor 1            ; 100.0%      ;
;     Processor 2            ;   0.0%      ;
+----------------------------+-------------+


+-------------------------------------------------------------------------------------------------------------------------------------------------------------------------------------------------------------------------+
; Analysis & Synthesis Source Files Read                                                                                                                                                                                  ;
+----------------------------------+-----------------+----------------------------------------+-----------------------------------------------------------------------------------------------------------------+---------+
; File Name with User-Entered Path ; Used in Netlist ; File Type                              ; File Name with Absolute Path                                                                                    ; Library ;
+----------------------------------+-----------------+----------------------------------------+-----------------------------------------------------------------------------------------------------------------+---------+
; MIPS_PROCESSOR.vhd               ; yes             ; User VHDL File                         ; C:/Users/Tyler McCormick/Desktop/ECE 4120/ECE-4210-MIPS-PROCESSOR/Phase_1/MIPS_PROCESSOR/MIPS_PROCESSOR.vhd     ;         ;
; PROGRAM_COUNTER.vhd              ; yes             ; User VHDL File                         ; C:/Users/Tyler McCormick/Desktop/ECE 4120/ECE-4210-MIPS-PROCESSOR/Phase_1/MIPS_PROCESSOR/PROGRAM_COUNTER.vhd    ;         ;
; ADDER.vhd                        ; yes             ; User VHDL File                         ; C:/Users/Tyler McCormick/Desktop/ECE 4120/ECE-4210-MIPS-PROCESSOR/Phase_1/MIPS_PROCESSOR/ADDER.vhd              ;         ;
; IP_MEMORY.vhd                    ; yes             ; User Wizard-Generated File             ; C:/Users/Tyler McCormick/Desktop/ECE 4120/ECE-4210-MIPS-PROCESSOR/Phase_1/MIPS_PROCESSOR/IP_MEMORY.vhd          ;         ;
; altsyncram.tdf                   ; yes             ; Megafunction                           ; c:/intelfpga_lite/20.1/quartus/libraries/megafunctions/altsyncram.tdf                                           ;         ;
; stratix_ram_block.inc            ; yes             ; Megafunction                           ; c:/intelfpga_lite/20.1/quartus/libraries/megafunctions/stratix_ram_block.inc                                    ;         ;
; lpm_mux.inc                      ; yes             ; Megafunction                           ; c:/intelfpga_lite/20.1/quartus/libraries/megafunctions/lpm_mux.inc                                              ;         ;
; lpm_decode.inc                   ; yes             ; Megafunction                           ; c:/intelfpga_lite/20.1/quartus/libraries/megafunctions/lpm_decode.inc                                           ;         ;
; aglobal201.inc                   ; yes             ; Megafunction                           ; c:/intelfpga_lite/20.1/quartus/libraries/megafunctions/aglobal201.inc                                           ;         ;
; a_rdenreg.inc                    ; yes             ; Megafunction                           ; c:/intelfpga_lite/20.1/quartus/libraries/megafunctions/a_rdenreg.inc                                            ;         ;
; altrom.inc                       ; yes             ; Megafunction                           ; c:/intelfpga_lite/20.1/quartus/libraries/megafunctions/altrom.inc                                               ;         ;
; altram.inc                       ; yes             ; Megafunction                           ; c:/intelfpga_lite/20.1/quartus/libraries/megafunctions/altram.inc                                               ;         ;
; altdpram.inc                     ; yes             ; Megafunction                           ; c:/intelfpga_lite/20.1/quartus/libraries/megafunctions/altdpram.inc                                             ;         ;
; db/altsyncram_1cr3.tdf           ; yes             ; Auto-Generated Megafunction            ; C:/Users/Tyler McCormick/Desktop/ECE 4120/ECE-4210-MIPS-PROCESSOR/Phase_1/MIPS_PROCESSOR/db/altsyncram_1cr3.tdf ;         ;
; instructions.mif                 ; yes             ; Auto-Found Memory Initialization File  ; C:/Users/Tyler McCormick/Desktop/ECE 4120/ECE-4210-MIPS-PROCESSOR/Phase_1/MIPS_PROCESSOR/instructions.mif       ;         ;
+----------------------------------+-----------------+----------------------------------------+-----------------------------------------------------------------------------------------------------------------+---------+


+---------------------------------------------------------+
; Analysis & Synthesis Resource Usage Summary             ;
+---------------------------------------------+-----------+
; Resource                                    ; Usage     ;
+---------------------------------------------+-----------+
; Estimated Total logic elements              ; 7         ;
;                                             ;           ;
; Total combinational functions               ; 7         ;
; Logic element usage by number of LUT inputs ;           ;
;     -- 4 input functions                    ; 0         ;
;     -- 3 input functions                    ; 0         ;
;     -- <=2 input functions                  ; 7         ;
;                                             ;           ;
; Logic elements by mode                      ;           ;
;     -- normal mode                          ; 2         ;
;     -- arithmetic mode                      ; 5         ;
;                                             ;           ;
; Total registers                             ; 6         ;
;     -- Dedicated logic registers            ; 6         ;
;     -- I/O registers                        ; 0         ;
;                                             ;           ;
; I/O pins                                    ; 53        ;
; Total memory bits                           ; 8192      ;
;                                             ;           ;
; Embedded Multiplier 9-bit elements          ; 0         ;
;                                             ;           ;
; Maximum fan-out node                        ; CLK~input ;
; Maximum fan-out                             ; 38        ;
; Total fan-out                               ; 378       ;
; Average fan-out                             ; 2.50      ;
+---------------------------------------------+-----------+


+-------------------------------------------------------------------------------------------------------------------------------------------------------------------------------------------------------------------------------------------------------------------------------------------------------------------------------+
; Analysis & Synthesis Resource Utilization by Entity                                                                                                                                                                                                                                                                           ;
+-------------------------------------------+---------------------+---------------------------+-------------+------------+--------------+---------+-----------+------+--------------+------------+---------------------------------------------------------------------------------------------+-----------------+--------------+
; Compilation Hierarchy Node                ; Combinational ALUTs ; Dedicated Logic Registers ; Memory Bits ; UFM Blocks ; DSP Elements ; DSP 9x9 ; DSP 18x18 ; Pins ; Virtual Pins ; ADC blocks ; Full Hierarchy Name                                                                         ; Entity Name     ; Library Name ;
+-------------------------------------------+---------------------+---------------------------+-------------+------------+--------------+---------+-----------+------+--------------+------------+---------------------------------------------------------------------------------------------+-----------------+--------------+
; |MIPS_PROCESSOR                           ; 7 (1)               ; 6 (0)                     ; 8192        ; 0          ; 0            ; 0       ; 0         ; 53   ; 0            ; 0          ; |MIPS_PROCESSOR                                                                             ; MIPS_PROCESSOR  ; work         ;
;    |ADDER:U2|                             ; 6 (6)               ; 0 (0)                     ; 0           ; 0          ; 0            ; 0       ; 0         ; 0    ; 0            ; 0          ; |MIPS_PROCESSOR|ADDER:U2                                                                    ; ADDER           ; work         ;
;    |IP_MEMORY:U3|                         ; 0 (0)               ; 0 (0)                     ; 8192        ; 0          ; 0            ; 0       ; 0         ; 0    ; 0            ; 0          ; |MIPS_PROCESSOR|IP_MEMORY:U3                                                                ; IP_MEMORY       ; work         ;
;       |altsyncram:altsyncram_component|   ; 0 (0)               ; 0 (0)                     ; 8192        ; 0          ; 0            ; 0       ; 0         ; 0    ; 0            ; 0          ; |MIPS_PROCESSOR|IP_MEMORY:U3|altsyncram:altsyncram_component                                ; altsyncram      ; work         ;
;          |altsyncram_1cr3:auto_generated| ; 0 (0)               ; 0 (0)                     ; 8192        ; 0          ; 0            ; 0       ; 0         ; 0    ; 0            ; 0          ; |MIPS_PROCESSOR|IP_MEMORY:U3|altsyncram:altsyncram_component|altsyncram_1cr3:auto_generated ; altsyncram_1cr3 ; work         ;
;    |PROGRAM_COUNTER:U1|                   ; 0 (0)               ; 6 (6)                     ; 0           ; 0          ; 0            ; 0       ; 0         ; 0    ; 0            ; 0          ; |MIPS_PROCESSOR|PROGRAM_COUNTER:U1                                                          ; PROGRAM_COUNTER ; work         ;
+-------------------------------------------+---------------------+---------------------------+-------------+------------+--------------+---------+-----------+------+--------------+------------+---------------------------------------------------------------------------------------------+-----------------+--------------+
Note: For table entries with two numbers listed, the numbers in parentheses indicate the number of resources of the given type used by the specific entity alone. The numbers listed outside of parentheses indicate the total resources of the given type used by the specific entity and all of its sub-entities in the hierarchy.


+---------------------------------------------------------------------------------------------------------------------------------------------------------------------------------------------------+
; Analysis & Synthesis RAM Summary                                                                                                                                                                  ;
+----------------------------------------------------------------------------------------+------+-------------+--------------+--------------+--------------+--------------+------+------------------+
; Name                                                                                   ; Type ; Mode        ; Port A Depth ; Port A Width ; Port B Depth ; Port B Width ; Size ; MIF              ;
+----------------------------------------------------------------------------------------+------+-------------+--------------+--------------+--------------+--------------+------+------------------+
; IP_MEMORY:U3|altsyncram:altsyncram_component|altsyncram_1cr3:auto_generated|ALTSYNCRAM ; AUTO ; Single Port ; 256          ; 32           ; --           ; --           ; 8192 ; INSTRUCTIONS.mif ;
+----------------------------------------------------------------------------------------+------+-------------+--------------+--------------+--------------+--------------+------+------------------+


+----------------------------------------------------------------------------------------------------------------+
; Analysis & Synthesis IP Cores Summary                                                                          ;
+--------+--------------+---------+--------------+--------------+------------------------------+-----------------+
; Vendor ; IP Core Name ; Version ; Release Date ; License Type ; Entity Instance              ; IP Include File ;
+--------+--------------+---------+--------------+--------------+------------------------------+-----------------+
; Altera ; RAM: 1-PORT  ; 20.1    ; N/A          ; N/A          ; |MIPS_PROCESSOR|IP_MEMORY:U3 ; IP_MEMORY.vhd   ;
+--------+--------------+---------+--------------+--------------+------------------------------+-----------------+


+----------------------------------------------------------------------------------------+
; Registers Removed During Synthesis                                                     ;
+----------------------------------------+-----------------------------------------------+
; Register name                          ; Reason for Removal                            ;
+----------------------------------------+-----------------------------------------------+
; PROGRAM_COUNTER:U1|ADDRESS_OUT[1]      ; Merged with PROGRAM_COUNTER:U1|ADDRESS_OUT[0] ;
; PROGRAM_COUNTER:U1|ADDRESS_OUT[0]      ; Stuck at GND due to stuck port data_in        ;
; PROGRAM_COUNTER:U1|ADDRESS_OUT[8..31]  ; Lost fanout                                   ;
; Total Number of Removed Registers = 26 ;                                               ;
+----------------------------------------+-----------------------------------------------+


+-----------------------------------------------------------------------------------------------------------------------------------+
; Removed Registers Triggering Further Register Optimizations                                                                       ;
+------------------------------------+--------------------+-------------------------------------------------------------------------+
; Register name                      ; Reason for Removal ; Registers Removed due to This Register                                  ;
+------------------------------------+--------------------+-------------------------------------------------------------------------+
; PROGRAM_COUNTER:U1|ADDRESS_OUT[31] ; Lost Fanouts       ; PROGRAM_COUNTER:U1|ADDRESS_OUT[30], PROGRAM_COUNTER:U1|ADDRESS_OUT[29], ;
;                                    ;                    ; PROGRAM_COUNTER:U1|ADDRESS_OUT[28], PROGRAM_COUNTER:U1|ADDRESS_OUT[27], ;
;                                    ;                    ; PROGRAM_COUNTER:U1|ADDRESS_OUT[26], PROGRAM_COUNTER:U1|ADDRESS_OUT[25], ;
;                                    ;                    ; PROGRAM_COUNTER:U1|ADDRESS_OUT[24], PROGRAM_COUNTER:U1|ADDRESS_OUT[23], ;
;                                    ;                    ; PROGRAM_COUNTER:U1|ADDRESS_OUT[22], PROGRAM_COUNTER:U1|ADDRESS_OUT[21], ;
;                                    ;                    ; PROGRAM_COUNTER:U1|ADDRESS_OUT[20], PROGRAM_COUNTER:U1|ADDRESS_OUT[19], ;
;                                    ;                    ; PROGRAM_COUNTER:U1|ADDRESS_OUT[18], PROGRAM_COUNTER:U1|ADDRESS_OUT[17], ;
;                                    ;                    ; PROGRAM_COUNTER:U1|ADDRESS_OUT[16], PROGRAM_COUNTER:U1|ADDRESS_OUT[15], ;
;                                    ;                    ; PROGRAM_COUNTER:U1|ADDRESS_OUT[14], PROGRAM_COUNTER:U1|ADDRESS_OUT[13], ;
;                                    ;                    ; PROGRAM_COUNTER:U1|ADDRESS_OUT[12], PROGRAM_COUNTER:U1|ADDRESS_OUT[11], ;
;                                    ;                    ; PROGRAM_COUNTER:U1|ADDRESS_OUT[10], PROGRAM_COUNTER:U1|ADDRESS_OUT[9],  ;
;                                    ;                    ; PROGRAM_COUNTER:U1|ADDRESS_OUT[8]                                       ;
+------------------------------------+--------------------+-------------------------------------------------------------------------+


+------------------------------------------------------+
; General Register Statistics                          ;
+----------------------------------------------+-------+
; Statistic                                    ; Value ;
+----------------------------------------------+-------+
; Total registers                              ; 6     ;
; Number of registers using Synchronous Clear  ; 0     ;
; Number of registers using Synchronous Load   ; 0     ;
; Number of registers using Asynchronous Clear ; 0     ;
; Number of registers using Asynchronous Load  ; 0     ;
; Number of registers using Clock Enable       ; 0     ;
; Number of registers using Preset             ; 0     ;
+----------------------------------------------+-------+


+----------------------------------------------------------------------------------------------------+
; Source assignments for IP_MEMORY:U3|altsyncram:altsyncram_component|altsyncram_1cr3:auto_generated ;
+---------------------------------+--------------------+------+--------------------------------------+
; Assignment                      ; Value              ; From ; To                                   ;
+---------------------------------+--------------------+------+--------------------------------------+
; OPTIMIZE_POWER_DURING_SYNTHESIS ; NORMAL_COMPILATION ; -    ; -                                    ;
+---------------------------------+--------------------+------+--------------------------------------+


+--------------------------------------------------------------------------------+
; Parameter Settings for User Entity Instance: Top-level Entity: |MIPS_PROCESSOR ;
+----------------+-------+-------------------------------------------------------+
; Parameter Name ; Value ; Type                                                  ;
+----------------+-------+-------------------------------------------------------+
; SIZE           ; 32    ; Signed Integer                                        ;
; ADDR_SIZE      ; 8     ; Signed Integer                                        ;
+----------------+-------+-------------------------------------------------------+
Note: In order to hide this table in the UI and the text report file, please set the "Show Parameter Settings in Synthesis Report" option in "Analysis and Synthesis Settings -> More Settings" to "Off".


+-----------------------------------------------------------------+
; Parameter Settings for User Entity Instance: PROGRAM_COUNTER:U1 ;
+----------------+-------+----------------------------------------+
; Parameter Name ; Value ; Type                                   ;
+----------------+-------+----------------------------------------+
; size           ; 32    ; Signed Integer                         ;
+----------------+-------+----------------------------------------+
Note: In order to hide this table in the UI and the text report file, please set the "Show Parameter Settings in Synthesis Report" option in "Analysis and Synthesis Settings -> More Settings" to "Off".


+-------------------------------------------------------+
; Parameter Settings for User Entity Instance: ADDER:U2 ;
+----------------+-------+------------------------------+
; Parameter Name ; Value ; Type                         ;
+----------------+-------+------------------------------+
; size           ; 32    ; Signed Integer               ;
+----------------+-------+------------------------------+
Note: In order to hide this table in the UI and the text report file, please set the "Show Parameter Settings in Synthesis Report" option in "Analysis and Synthesis Settings -> More Settings" to "Off".


+-------------------------------------------------------------------------------------------+
; Parameter Settings for User Entity Instance: IP_MEMORY:U3|altsyncram:altsyncram_component ;
+------------------------------------+----------------------+-------------------------------+
; Parameter Name                     ; Value                ; Type                          ;
+------------------------------------+----------------------+-------------------------------+
; BYTE_SIZE_BLOCK                    ; 8                    ; Untyped                       ;
; AUTO_CARRY_CHAINS                  ; ON                   ; AUTO_CARRY                    ;
; IGNORE_CARRY_BUFFERS               ; OFF                  ; IGNORE_CARRY                  ;
; AUTO_CASCADE_CHAINS                ; ON                   ; AUTO_CASCADE                  ;
; IGNORE_CASCADE_BUFFERS             ; OFF                  ; IGNORE_CASCADE                ;
; WIDTH_BYTEENA                      ; 1                    ; Untyped                       ;
; OPERATION_MODE                     ; SINGLE_PORT          ; Untyped                       ;
; WIDTH_A                            ; 32                   ; Signed Integer                ;
; WIDTHAD_A                          ; 8                    ; Signed Integer                ;
; NUMWORDS_A                         ; 256                  ; Signed Integer                ;
; OUTDATA_REG_A                      ; CLOCK0               ; Untyped                       ;
; ADDRESS_ACLR_A                     ; NONE                 ; Untyped                       ;
; OUTDATA_ACLR_A                     ; NONE                 ; Untyped                       ;
; WRCONTROL_ACLR_A                   ; NONE                 ; Untyped                       ;
; INDATA_ACLR_A                      ; NONE                 ; Untyped                       ;
; BYTEENA_ACLR_A                     ; NONE                 ; Untyped                       ;
; WIDTH_B                            ; 1                    ; Signed Integer                ;
; WIDTHAD_B                          ; 1                    ; Signed Integer                ;
; NUMWORDS_B                         ; 0                    ; Signed Integer                ;
; INDATA_REG_B                       ; CLOCK1               ; Untyped                       ;
; WRCONTROL_WRADDRESS_REG_B          ; CLOCK1               ; Untyped                       ;
; RDCONTROL_REG_B                    ; CLOCK1               ; Untyped                       ;
; ADDRESS_REG_B                      ; CLOCK1               ; Untyped                       ;
; OUTDATA_REG_B                      ; UNREGISTERED         ; Untyped                       ;
; BYTEENA_REG_B                      ; CLOCK1               ; Untyped                       ;
; INDATA_ACLR_B                      ; NONE                 ; Untyped                       ;
; WRCONTROL_ACLR_B                   ; NONE                 ; Untyped                       ;
; ADDRESS_ACLR_B                     ; NONE                 ; Untyped                       ;
; OUTDATA_ACLR_B                     ; NONE                 ; Untyped                       ;
; RDCONTROL_ACLR_B                   ; NONE                 ; Untyped                       ;
; BYTEENA_ACLR_B                     ; NONE                 ; Untyped                       ;
; WIDTH_BYTEENA_A                    ; 1                    ; Signed Integer                ;
; WIDTH_BYTEENA_B                    ; 1                    ; Signed Integer                ;
; RAM_BLOCK_TYPE                     ; AUTO                 ; Untyped                       ;
; BYTE_SIZE                          ; 8                    ; Signed Integer                ;
; READ_DURING_WRITE_MODE_MIXED_PORTS ; DONT_CARE            ; Untyped                       ;
; READ_DURING_WRITE_MODE_PORT_A      ; NEW_DATA_NO_NBE_READ ; Untyped                       ;
; READ_DURING_WRITE_MODE_PORT_B      ; NEW_DATA_NO_NBE_READ ; Untyped                       ;
; INIT_FILE                          ; INSTRUCTIONS.mif     ; Untyped                       ;
; INIT_FILE_LAYOUT                   ; PORT_A               ; Untyped                       ;
; MAXIMUM_DEPTH                      ; 0                    ; Signed Integer                ;
; CLOCK_ENABLE_INPUT_A               ; BYPASS               ; Untyped                       ;
; CLOCK_ENABLE_INPUT_B               ; NORMAL               ; Untyped                       ;
; CLOCK_ENABLE_OUTPUT_A              ; BYPASS               ; Untyped                       ;
; CLOCK_ENABLE_OUTPUT_B              ; NORMAL               ; Untyped                       ;
; CLOCK_ENABLE_CORE_A                ; USE_INPUT_CLKEN      ; Untyped                       ;
; CLOCK_ENABLE_CORE_B                ; USE_INPUT_CLKEN      ; Untyped                       ;
; ENABLE_ECC                         ; FALSE                ; Untyped                       ;
; ECC_PIPELINE_STAGE_ENABLED         ; FALSE                ; Untyped                       ;
; WIDTH_ECCSTATUS                    ; 3                    ; Signed Integer                ;
; DEVICE_FAMILY                      ; MAX 10               ; Untyped                       ;
; CBXI_PARAMETER                     ; altsyncram_1cr3      ; Untyped                       ;
+------------------------------------+----------------------+-------------------------------+
Note: In order to hide this table in the UI and the text report file, please set the "Show Parameter Settings in Synthesis Report" option in "Analysis and Synthesis Settings -> More Settings" to "Off".


+------------------------------------------------------------------------------------------+
; altsyncram Parameter Settings by Entity Instance                                         ;
+-------------------------------------------+----------------------------------------------+
; Name                                      ; Value                                        ;
+-------------------------------------------+----------------------------------------------+
; Number of entity instances                ; 1                                            ;
; Entity Instance                           ; IP_MEMORY:U3|altsyncram:altsyncram_component ;
;     -- OPERATION_MODE                     ; SINGLE_PORT                                  ;
;     -- WIDTH_A                            ; 32                                           ;
;     -- NUMWORDS_A                         ; 256                                          ;
;     -- OUTDATA_REG_A                      ; CLOCK0                                       ;
;     -- WIDTH_B                            ; 1                                            ;
;     -- NUMWORDS_B                         ; 0                                            ;
;     -- ADDRESS_REG_B                      ; CLOCK1                                       ;
;     -- OUTDATA_REG_B                      ; UNREGISTERED                                 ;
;     -- RAM_BLOCK_TYPE                     ; AUTO                                         ;
;     -- READ_DURING_WRITE_MODE_MIXED_PORTS ; DONT_CARE                                    ;
+-------------------------------------------+----------------------------------------------+


+------------------------------------------+
; Port Connectivity Checks: "IP_MEMORY:U3" ;
+------+-------+----------+----------------+
; Port ; Type  ; Severity ; Details        ;
+------+-------+----------+----------------+
; data ; Input ; Info     ; Stuck at GND   ;
; wren ; Input ; Info     ; Stuck at GND   ;
+------+-------+----------+----------------+


+-----------------------------------------------------+
; Post-Synthesis Netlist Statistics for Top Partition ;
+-----------------------+-----------------------------+
; Type                  ; Count                       ;
+-----------------------+-----------------------------+
; boundary_port         ; 53                          ;
; cycloneiii_ff         ; 6                           ;
;     plain             ; 6                           ;
; cycloneiii_lcell_comb ; 7                           ;
;     arith             ; 5                           ;
;         2 data inputs ; 5                           ;
;     normal            ; 2                           ;
;         0 data inputs ; 1                           ;
;         1 data inputs ; 1                           ;
; cycloneiii_ram_block  ; 32                          ;
;                       ;                             ;
; Max LUT depth         ; 1.50                        ;
; Average LUT depth     ; 0.44                        ;
+-----------------------+-----------------------------+


+-------------------------------+
; Elapsed Time Per Partition    ;
+----------------+--------------+
; Partition Name ; Elapsed Time ;
+----------------+--------------+
; Top            ; 00:00:01     ;
+----------------+--------------+


+-------------------------------+
; Analysis & Synthesis Messages ;
+-------------------------------+
Info: *******************************************************************
Info: Running Quartus Prime Analysis & Synthesis
    Info: Version 20.1.1 Build 720 11/11/2020 SJ Lite Edition
    Info: Processing started: Thu Feb 10 16:34:28 2022
Info: Command: quartus_map --read_settings_files=on --write_settings_files=off MIPS_PROCESSOR -c MIPS_PROCESSOR
Warning (18236): Number of processors has not been specified which may cause overloading on shared machines.  Set the global assignment NUM_PARALLEL_PROCESSORS in your QSF to an appropriate value for best performance.
Info (20030): Parallel compilation is enabled and will use 2 of the 2 processors detected
Info (12021): Found 2 design units, including 1 entities, in source file testbench.vhd
    Info (12022): Found design unit 1: TESTBENCH-RTL File: C:/Users/Tyler McCormick/Desktop/ECE 4120/ECE-4210-MIPS-PROCESSOR/Phase_1/MIPS_PROCESSOR/TESTBENCH.vhd Line: 8
    Info (12023): Found entity 1: TESTBENCH File: C:/Users/Tyler McCormick/Desktop/ECE 4120/ECE-4210-MIPS-PROCESSOR/Phase_1/MIPS_PROCESSOR/TESTBENCH.vhd Line: 5
Info (12021): Found 2 design units, including 1 entities, in source file mips_processor.vhd
    Info (12022): Found design unit 1: MIPS_PROCESSOR-RTL File: C:/Users/Tyler McCormick/Desktop/ECE 4120/ECE-4210-MIPS-PROCESSOR/Phase_1/MIPS_PROCESSOR/MIPS_PROCESSOR.vhd Line: 21
    Info (12023): Found entity 1: MIPS_PROCESSOR File: C:/Users/Tyler McCormick/Desktop/ECE 4120/ECE-4210-MIPS-PROCESSOR/Phase_1/MIPS_PROCESSOR/MIPS_PROCESSOR.vhd Line: 6
Info (12021): Found 2 design units, including 1 entities, in source file program_counter.vhd
    Info (12022): Found design unit 1: PROGRAM_COUNTER-RTL File: C:/Users/Tyler McCormick/Desktop/ECE 4120/ECE-4210-MIPS-PROCESSOR/Phase_1/MIPS_PROCESSOR/PROGRAM_COUNTER.vhd Line: 18
    Info (12023): Found entity 1: PROGRAM_COUNTER File: C:/Users/Tyler McCormick/Desktop/ECE 4120/ECE-4210-MIPS-PROCESSOR/Phase_1/MIPS_PROCESSOR/PROGRAM_COUNTER.vhd Line: 6
Info (12021): Found 2 design units, including 1 entities, in source file adder.vhd
    Info (12022): Found design unit 1: ADDER-RTL File: C:/Users/Tyler McCormick/Desktop/ECE 4120/ECE-4210-MIPS-PROCESSOR/Phase_1/MIPS_PROCESSOR/ADDER.vhd Line: 18
    Info (12023): Found entity 1: ADDER File: C:/Users/Tyler McCormick/Desktop/ECE 4120/ECE-4210-MIPS-PROCESSOR/Phase_1/MIPS_PROCESSOR/ADDER.vhd Line: 8
Warning (12019): Can't analyze file -- file INSTRUCTION_REGISTER.vhd is missing
Info (12021): Found 2 design units, including 1 entities, in source file ip_memory.vhd
    Info (12022): Found design unit 1: ip_memory-SYN File: C:/Users/Tyler McCormick/Desktop/ECE 4120/ECE-4210-MIPS-PROCESSOR/Phase_1/MIPS_PROCESSOR/IP_MEMORY.vhd Line: 55
    Info (12023): Found entity 1: IP_MEMORY File: C:/Users/Tyler McCormick/Desktop/ECE 4120/ECE-4210-MIPS-PROCESSOR/Phase_1/MIPS_PROCESSOR/IP_MEMORY.vhd Line: 43
Info (12127): Elaborating entity "MIPS_PROCESSOR" for the top level hierarchy
Info (12128): Elaborating entity "PROGRAM_COUNTER" for hierarchy "PROGRAM_COUNTER:U1" File: C:/Users/Tyler McCormick/Desktop/ECE 4120/ECE-4210-MIPS-PROCESSOR/Phase_1/MIPS_PROCESSOR/MIPS_PROCESSOR.vhd Line: 28
Info (12128): Elaborating entity "ADDER" for hierarchy "ADDER:U2" File: C:/Users/Tyler McCormick/Desktop/ECE 4120/ECE-4210-MIPS-PROCESSOR/Phase_1/MIPS_PROCESSOR/MIPS_PROCESSOR.vhd Line: 29
Info (12128): Elaborating entity "IP_MEMORY" for hierarchy "IP_MEMORY:U3" File: C:/Users/Tyler McCormick/Desktop/ECE 4120/ECE-4210-MIPS-PROCESSOR/Phase_1/MIPS_PROCESSOR/MIPS_PROCESSOR.vhd Line: 30
Info (12128): Elaborating entity "altsyncram" for hierarchy "IP_MEMORY:U3|altsyncram:altsyncram_component" File: C:/Users/Tyler McCormick/Desktop/ECE 4120/ECE-4210-MIPS-PROCESSOR/Phase_1/MIPS_PROCESSOR/IP_MEMORY.vhd Line: 62
Info (12130): Elaborated megafunction instantiation "IP_MEMORY:U3|altsyncram:altsyncram_component" File: C:/Users/Tyler McCormick/Desktop/ECE 4120/ECE-4210-MIPS-PROCESSOR/Phase_1/MIPS_PROCESSOR/IP_MEMORY.vhd Line: 62
Info (12133): Instantiated megafunction "IP_MEMORY:U3|altsyncram:altsyncram_component" with the following parameter: File: C:/Users/Tyler McCormick/Desktop/ECE 4120/ECE-4210-MIPS-PROCESSOR/Phase_1/MIPS_PROCESSOR/IP_MEMORY.vhd Line: 62
    Info (12134): Parameter "address_aclr_a" = "UNUSED"
    Info (12134): Parameter "address_aclr_b" = "NONE"
    Info (12134): Parameter "address_reg_b" = "CLOCK1"
    Info (12134): Parameter "byte_size" = "8"
    Info (12134): Parameter "byteena_aclr_a" = "UNUSED"
    Info (12134): Parameter "byteena_aclr_b" = "NONE"
    Info (12134): Parameter "byteena_reg_b" = "CLOCK1"
    Info (12134): Parameter "clock_enable_core_a" = "USE_INPUT_CLKEN"
    Info (12134): Parameter "clock_enable_core_b" = "USE_INPUT_CLKEN"
    Info (12134): Parameter "clock_enable_input_a" = "BYPASS"
    Info (12134): Parameter "clock_enable_input_b" = "NORMAL"
    Info (12134): Parameter "clock_enable_output_a" = "BYPASS"
    Info (12134): Parameter "clock_enable_output_b" = "NORMAL"
    Info (12134): Parameter "intended_device_family" = "MAX 10"
    Info (12134): Parameter "ecc_pipeline_stage_enabled" = "FALSE"
    Info (12134): Parameter "enable_ecc" = "FALSE"
    Info (12134): Parameter "implement_in_les" = "OFF"
    Info (12134): Parameter "indata_aclr_a" = "UNUSED"
    Info (12134): Parameter "indata_aclr_b" = "NONE"
    Info (12134): Parameter "indata_reg_b" = "CLOCK1"
    Info (12134): Parameter "init_file" = "INSTRUCTIONS.mif"
    Info (12134): Parameter "init_file_layout" = "PORT_A"
    Info (12134): Parameter "maximum_depth" = "0"
    Info (12134): Parameter "numwords_a" = "256"
    Info (12134): Parameter "numwords_b" = "0"
    Info (12134): Parameter "operation_mode" = "SINGLE_PORT"
    Info (12134): Parameter "outdata_aclr_a" = "NONE"
    Info (12134): Parameter "outdata_aclr_b" = "NONE"
    Info (12134): Parameter "outdata_reg_a" = "CLOCK0"
    Info (12134): Parameter "outdata_reg_b" = "UNREGISTERED"
    Info (12134): Parameter "power_up_uninitialized" = "FALSE"
    Info (12134): Parameter "ram_block_type" = "AUTO"
    Info (12134): Parameter "rdcontrol_aclr_b" = "NONE"
    Info (12134): Parameter "rdcontrol_reg_b" = "CLOCK1"
    Info (12134): Parameter "read_during_write_mode_mixed_ports" = "DONT_CARE"
    Info (12134): Parameter "read_during_write_mode_port_a" = "NEW_DATA_NO_NBE_READ"
    Info (12134): Parameter "read_during_write_mode_port_b" = "NEW_DATA_NO_NBE_READ"
    Info (12134): Parameter "stratixiv_m144k_allow_dual_clocks" = "ON"
    Info (12134): Parameter "width_a" = "32"
    Info (12134): Parameter "width_b" = "1"
    Info (12134): Parameter "width_byteena_a" = "1"
    Info (12134): Parameter "width_byteena_b" = "1"
    Info (12134): Parameter "width_eccstatus" = "3"
    Info (12134): Parameter "widthad_a" = "8"
    Info (12134): Parameter "widthad_b" = "1"
    Info (12134): Parameter "wrcontrol_aclr_a" = "UNUSED"
    Info (12134): Parameter "wrcontrol_aclr_b" = "NONE"
    Info (12134): Parameter "wrcontrol_wraddress_reg_b" = "CLOCK1"
    Info (12134): Parameter "lpm_hint" = "ENABLE_RUNTIME_MOD=NO"
    Info (12134): Parameter "lpm_type" = "altsyncram"
Info (12021): Found 1 design units, including 1 entities, in source file db/altsyncram_1cr3.tdf
    Info (12023): Found entity 1: altsyncram_1cr3 File: C:/Users/Tyler McCormick/Desktop/ECE 4120/ECE-4210-MIPS-PROCESSOR/Phase_1/MIPS_PROCESSOR/db/altsyncram_1cr3.tdf Line: 28
Info (12128): Elaborating entity "altsyncram_1cr3" for hierarchy "IP_MEMORY:U3|altsyncram:altsyncram_component|altsyncram_1cr3:auto_generated" File: c:/intelfpga_lite/20.1/quartus/libraries/megafunctions/altsyncram.tdf Line: 792
Warning (13024): Output pins are stuck at VCC or GND
    Warning (13410): Pin "PC_INPUT[0]" is stuck at GND File: C:/Users/Tyler McCormick/Desktop/ECE 4120/ECE-4210-MIPS-PROCESSOR/Phase_1/MIPS_PROCESSOR/MIPS_PROCESSOR.vhd Line: 14
    Warning (13410): Pin "PC_INPUT[1]" is stuck at GND File: C:/Users/Tyler McCormick/Desktop/ECE 4120/ECE-4210-MIPS-PROCESSOR/Phase_1/MIPS_PROCESSOR/MIPS_PROCESSOR.vhd Line: 14
    Warning (13410): Pin "PC_OUTPUT[0]" is stuck at GND File: C:/Users/Tyler McCormick/Desktop/ECE 4120/ECE-4210-MIPS-PROCESSOR/Phase_1/MIPS_PROCESSOR/MIPS_PROCESSOR.vhd Line: 15
    Warning (13410): Pin "PC_OUTPUT[1]" is stuck at GND File: C:/Users/Tyler McCormick/Desktop/ECE 4120/ECE-4210-MIPS-PROCESSOR/Phase_1/MIPS_PROCESSOR/MIPS_PROCESSOR.vhd Line: 15
    Warning (13410): Pin "READ_ADDRESS[0]" is stuck at GND File: C:/Users/Tyler McCormick/Desktop/ECE 4120/ECE-4210-MIPS-PROCESSOR/Phase_1/MIPS_PROCESSOR/MIPS_PROCESSOR.vhd Line: 16
    Warning (13410): Pin "READ_ADDRESS[1]" is stuck at GND File: C:/Users/Tyler McCormick/Desktop/ECE 4120/ECE-4210-MIPS-PROCESSOR/Phase_1/MIPS_PROCESSOR/MIPS_PROCESSOR.vhd Line: 16
Info (286030): Timing-Driven Synthesis is running
Info (17049): 24 registers lost all their fanouts during netlist optimizations.
Info (128000): Starting physical synthesis optimizations for speed
Info (332104): Reading SDC File: 'MIPS_PROCESSOR.out.sdc'
Critical Warning (332168): The following clock transfers have no clock uncertainty assignment. For more accurate results, apply clock uncertainty assignments or use the derive_clock_uncertainty command.
    Critical Warning (332169): From CLK (Rise) to CLK (Rise) (setup and hold)
Info (332129): Detected timing requirements -- optimizing circuit to achieve only the specified requirements
Info (332111): Found 1 clocks
    Info (332111):   Period   Clock Name
    Info (332111): ======== ============
    Info (332111):   12.500          CLK
Info (128002): Starting physical synthesis algorithm register retiming
Info (128003): Physical synthesis algorithm register retiming complete: estimated slack improvement of 0 ps
Info (128002): Starting physical synthesis algorithm combinational resynthesis using boolean division
Info (128003): Physical synthesis algorithm combinational resynthesis using boolean division complete: estimated slack improvement of 0 ps
Info (128001): Physical synthesis optimizations for speed complete: elapsed time is 00:00:01
Info (16010): Generating hard_block partition "hard_block:auto_generated_inst"
    Info (16011): Adding 0 node(s), including 0 DDIO, 0 PLL, 0 transceiver and 0 LCELL
Info (21057): Implemented 96 device resources after synthesis - the final resource count might be different
    Info (21058): Implemented 1 input pins
    Info (21059): Implemented 52 output pins
    Info (21061): Implemented 11 logic cells
    Info (21064): Implemented 32 RAM segments
Info: Quartus Prime Analysis & Synthesis was successful. 0 errors, 11 warnings
    Info: Peak virtual memory: 4850 megabytes
    Info: Processing ended: Thu Feb 10 16:34:43 2022
    Info: Elapsed time: 00:00:15
    Info: Total CPU time (on all processors): 00:00:32


