Flow report for MIPS_PROCESSOR
Mon Jan 03 16:28:46 2022
Quartus Prime Version 20.1.1 Build 720 11/11/2020 SJ Lite Edition


---------------------
; Table of Contents ;
---------------------
  1. Legal Notice
  2. Flow Summary
  3. Flow Settings
  4. Flow Non-Default Global Settings
  5. Flow Elapsed Time
  6. Flow OS Summary
  7. Flow Log
  8. Flow Messages
  9. Flow Suppressed Messages



----------------
; Legal Notice ;
----------------
Copyright (C) 2020  Intel Corporation. All rights reserved.
Your use of Intel Corporation's design tools, logic functions 
and other software and tools, and any partner logic 
functions, and any output files from any of the foregoing 
(including device programming or simulation files), and any 
associated documentation or information are expressly subject 
to the terms and conditions of the Intel Program License 
Subscription Agreement, the Intel Quartus Prime License Agreement,
the Intel FPGA IP License Agreement, or other applicable license
agreement, including, without limitation, that your use is for
the sole purpose of programming logic devices manufactured by
Intel and sold by Intel or its authorized distributors.  Please
refer to the applicable agreement for further details, at
https://fpgasoftware.intel.com/eula.



+----------------------------------------------------------------------------------+
; Flow Summary                                                                     ;
+------------------------------------+---------------------------------------------+
; Flow Status                        ; Successful - Mon Jan 03 16:28:46 2022       ;
; Quartus Prime Version              ; 20.1.1 Build 720 11/11/2020 SJ Lite Edition ;
; Revision Name                      ; MIPS_PROCESSOR                              ;
; Top-level Entity Name              ; MIPS_PROCESSOR                              ;
; Family                             ; MAX 10                                      ;
; Device                             ; 10M50DAF484C7G                              ;
; Timing Models                      ; Final                                       ;
; Total logic elements               ; 49 / 49,760 ( < 1 % )                       ;
;     Total combinational functions  ; 10 / 49,760 ( < 1 % )                       ;
;     Dedicated logic registers      ; 47 / 49,760 ( < 1 % )                       ;
; Total registers                    ; 47                                          ;
; Total pins                         ; 82 / 360 ( 23 % )                           ;
; Total virtual pins                 ; 0                                           ;
; Total memory bits                  ; 8,192 / 1,677,312 ( < 1 % )                 ;
; Embedded Multiplier 9-bit elements ; 0 / 288 ( 0 % )                             ;
; Total PLLs                         ; 1 / 4 ( 25 % )                              ;
; UFM blocks                         ; 0 / 1 ( 0 % )                               ;
; ADC blocks                         ; 0 / 2 ( 0 % )                               ;
+------------------------------------+---------------------------------------------+


+-----------------------------------------+
; Flow Settings                           ;
+-------------------+---------------------+
; Option            ; Setting             ;
+-------------------+---------------------+
; Start date & time ; 01/03/2022 16:27:58 ;
; Main task         ; Compilation         ;
; Revision Name     ; MIPS_PROCESSOR      ;
+-------------------+---------------------+


+---------------------------------------------------------------------------------------------------------------------------------------------------------+
; Flow Non-Default Global Settings                                                                                                                        ;
+----------------------------------------------+----------------------------------------+---------------+-------------+-----------------------------------+
; Assignment Name                              ; Value                                  ; Default Value ; Entity Name ; Section Id                        ;
+----------------------------------------------+----------------------------------------+---------------+-------------+-----------------------------------+
; COMPILER_SIGNATURE_ID                        ; 192123327304435.164124887804656        ; --            ; --          ; --                                ;
; CYCLONEII_OPTIMIZATION_TECHNIQUE             ; Speed                                  ; Balanced      ; --          ; --                                ;
; EDA_DESIGN_INSTANCE_NAME                     ; NA                                     ; --            ; --          ; TESTBENCH                         ;
; EDA_GENERATE_FUNCTIONAL_NETLIST              ; Off                                    ; --            ; --          ; eda_board_design_timing           ;
; EDA_GENERATE_FUNCTIONAL_NETLIST              ; Off                                    ; --            ; --          ; eda_board_design_boundary_scan    ;
; EDA_GENERATE_FUNCTIONAL_NETLIST              ; Off                                    ; --            ; --          ; eda_board_design_signal_integrity ;
; EDA_GENERATE_FUNCTIONAL_NETLIST              ; Off                                    ; --            ; --          ; eda_board_design_symbol           ;
; EDA_NATIVELINK_SIMULATION_TEST_BENCH         ; TESTBENCH                              ; --            ; --          ; eda_simulation                    ;
; EDA_OUTPUT_DATA_FORMAT                       ; Vhdl                                   ; --            ; --          ; eda_simulation                    ;
; EDA_RUN_TOOL_AUTOMATICALLY                   ; Off                                    ; --            ; --          ; eda_simulation                    ;
; EDA_SIMULATION_TOOL                          ; ModelSim-Altera (VHDL)                 ; <None>        ; --          ; --                                ;
; EDA_TEST_BENCH_ENABLE_STATUS                 ; TEST_BENCH_MODE                        ; --            ; --          ; eda_simulation                    ;
; EDA_TEST_BENCH_FILE                          ; TESTBENCH.vhd                          ; --            ; --          ; TESTBENCH                         ;
; EDA_TEST_BENCH_MODULE_NAME                   ; TESTBENCH                              ; --            ; --          ; TESTBENCH                         ;
; EDA_TEST_BENCH_NAME                          ; TESTBENCH                              ; --            ; --          ; eda_simulation                    ;
; MAX_CORE_JUNCTION_TEMP                       ; 85                                     ; --            ; --          ; --                                ;
; MIN_CORE_JUNCTION_TEMP                       ; 0                                      ; --            ; --          ; --                                ;
; MISC_FILE                                    ; IP_MEMORY.cmp                          ; --            ; --          ; --                                ;
; MISC_FILE                                    ; PLL.cmp                                ; --            ; --          ; --                                ;
; MISC_FILE                                    ; PLL.ppf                                ; --            ; --          ; --                                ;
; OUTPUT_IO_TIMING_FAR_END_VMEAS               ; Half Signal Swing                      ; --            ; --          ; --                                ;
; OUTPUT_IO_TIMING_FAR_END_VMEAS               ; Half Signal Swing                      ; --            ; --          ; --                                ;
; OUTPUT_IO_TIMING_NEAR_END_VMEAS              ; Half Vccio                             ; --            ; --          ; --                                ;
; OUTPUT_IO_TIMING_NEAR_END_VMEAS              ; Half Vccio                             ; --            ; --          ; --                                ;
; PARTITION_COLOR                              ; -- (Not supported for targeted family) ; --            ; --          ; Top                               ;
; PARTITION_FITTER_PRESERVATION_LEVEL          ; -- (Not supported for targeted family) ; --            ; --          ; Top                               ;
; PARTITION_NETLIST_TYPE                       ; -- (Not supported for targeted family) ; --            ; --          ; Top                               ;
; PHYSICAL_SYNTHESIS_COMBO_LOGIC               ; On                                     ; Off           ; --          ; --                                ;
; PHYSICAL_SYNTHESIS_REGISTER_DUPLICATION      ; On                                     ; Off           ; --          ; --                                ;
; PHYSICAL_SYNTHESIS_REGISTER_RETIMING         ; On                                     ; Off           ; --          ; --                                ;
; POWER_BOARD_THERMAL_MODEL                    ; None (CONSERVATIVE)                    ; --            ; --          ; --                                ;
; POWER_PRESET_COOLING_SOLUTION                ; 23 MM HEAT SINK WITH 200 LFPM AIRFLOW  ; --            ; --          ; --                                ;
; PROJECT_OUTPUT_DIRECTORY                     ; output_files                           ; --            ; --          ; --                                ;
; QII_AUTO_PACKED_REGISTERS                    ; Normal                                 ; Auto          ; --          ; --                                ;
; ROUTER_LCELL_INSERTION_AND_LOGIC_DUPLICATION ; On                                     ; Auto          ; --          ; --                                ;
; ROUTER_TIMING_OPTIMIZATION_LEVEL             ; MAXIMUM                                ; Normal        ; --          ; --                                ;
+----------------------------------------------+----------------------------------------+---------------+-------------+-----------------------------------+


+--------------------------------------------------------------------------------------------------------------------------+
; Flow Elapsed Time                                                                                                        ;
+----------------------+--------------+-------------------------+---------------------+------------------------------------+
; Module Name          ; Elapsed Time ; Average Processors Used ; Peak Virtual Memory ; Total CPU Time (on all processors) ;
+----------------------+--------------+-------------------------+---------------------+------------------------------------+
; Analysis & Synthesis ; 00:00:17     ; 1.0                     ; 4854 MB             ; 00:00:29                           ;
; Fitter               ; 00:00:16     ; 1.0                     ; 5376 MB             ; 00:00:15                           ;
; Assembler            ; 00:00:04     ; 1.0                     ; 4688 MB             ; 00:00:03                           ;
; Timing Analyzer      ; 00:00:04     ; 1.0                     ; 4798 MB             ; 00:00:03                           ;
; EDA Netlist Writer   ; 00:00:01     ; 1.0                     ; 4652 MB             ; 00:00:01                           ;
; Total                ; 00:00:42     ; --                      ; --                  ; 00:00:51                           ;
+----------------------+--------------+-------------------------+---------------------+------------------------------------+


+------------------------------------------------------------------------------------+
; Flow OS Summary                                                                    ;
+----------------------+------------------+------------+------------+----------------+
; Module Name          ; Machine Hostname ; OS Name    ; OS Version ; Processor type ;
+----------------------+------------------+------------+------------+----------------+
; Analysis & Synthesis ; DESKTOP-DBBOOVU  ; Windows 10 ; 10.0       ; x86_64         ;
; Fitter               ; DESKTOP-DBBOOVU  ; Windows 10 ; 10.0       ; x86_64         ;
; Assembler            ; DESKTOP-DBBOOVU  ; Windows 10 ; 10.0       ; x86_64         ;
; Timing Analyzer      ; DESKTOP-DBBOOVU  ; Windows 10 ; 10.0       ; x86_64         ;
; EDA Netlist Writer   ; DESKTOP-DBBOOVU  ; Windows 10 ; 10.0       ; x86_64         ;
+----------------------+------------------+------------+------------+----------------+


------------
; Flow Log ;
------------
quartus_map --read_settings_files=on --write_settings_files=off MIPS_PROCESSOR -c MIPS_PROCESSOR
quartus_fit --read_settings_files=off --write_settings_files=off MIPS_PROCESSOR -c MIPS_PROCESSOR
quartus_asm --read_settings_files=off --write_settings_files=off MIPS_PROCESSOR -c MIPS_PROCESSOR
quartus_sta MIPS_PROCESSOR -c MIPS_PROCESSOR
quartus_eda --read_settings_files=off --write_settings_files=off MIPS_PROCESSOR -c MIPS_PROCESSOR



